<?xml version="1.0" encoding="UTF-8"?>
<testsuites>
    <testsuite name="hashing-algorithm;testing-that-the-&quot;alice&quot;-id,-&quot;1&quot;-salt-and-&quot;f1&quot;-feature-returns-the-&quot;9&quot;-result" tests="4" failures="0" skipped="0">
        <properties>
            <property name="URI" value="testbed/gherkin/bucketing.feature">
            </property>
        </properties>
        <testcase name="Given the salt is &quot;1&quot;, the feature is &quot;f1&quot; and the id is &quot;alice&quot;" classname="hashing-algorithm;testing-that-the-&quot;alice&quot;-id,-&quot;1&quot;-salt-and-&quot;f1&quot;-feature-returns-the-&quot;9&quot;-result">
        </testcase>
        <testcase name="When the variant value is calculated" classname="hashing-algorithm;testing-that-the-&quot;alice&quot;-id,-&quot;1&quot;-salt-and-&quot;f1&quot;-feature-returns-the-&quot;9&quot;-result" time="0.001">
        </testcase>
        <testcase name="Then the hash value calculated should equal &quot;de5ce0fbc583fd8&quot;" classname="hashing-algorithm;testing-that-the-&quot;alice&quot;-id,-&quot;1&quot;-salt-and-&quot;f1&quot;-feature-returns-the-&quot;9&quot;-result">
        </testcase>
        <testcase name="And the result from the variant calculation should be 9" classname="hashing-algorithm;testing-that-the-&quot;alice&quot;-id,-&quot;1&quot;-salt-and-&quot;f1&quot;-feature-returns-the-&quot;9&quot;-result">
        </testcase>
    </testsuite>
    <testsuite name="hashing-algorithm;testing-that-the-&quot;bob&quot;-id,-&quot;1&quot;-salt-and-&quot;f1&quot;-feature-returns-the-&quot;14&quot;-result" tests="4" failures="0" skipped="0">
        <properties>
            <property name="URI" value="testbed/gherkin/bucketing.feature">
            </property>
        </properties>
        <testcase name="Given the salt is &quot;1&quot;, the feature is &quot;f1&quot; and the id is &quot;bob&quot;" classname="hashing-algorithm;testing-that-the-&quot;bob&quot;-id,-&quot;1&quot;-salt-and-&quot;f1&quot;-feature-returns-the-&quot;14&quot;-result">
        </testcase>
        <testcase name="When the variant value is calculated" classname="hashing-algorithm;testing-that-the-&quot;bob&quot;-id,-&quot;1&quot;-salt-and-&quot;f1&quot;-feature-returns-the-&quot;14&quot;-result">
        </testcase>
        <testcase name="Then the hash value calculated should equal &quot;8ecddc9f392dc35&quot;" classname="hashing-algorithm;testing-that-the-&quot;bob&quot;-id,-&quot;1&quot;-salt-and-&quot;f1&quot;-feature-returns-the-&quot;14&quot;-result">
        </testcase>
        <testcase name="And the result from the variant calculation should be 14" classname="hashing-algorithm;testing-that-the-&quot;bob&quot;-id,-&quot;1&quot;-salt-and-&quot;f1&quot;-feature-returns-the-&quot;14&quot;-result">
        </testcase>
    </testsuite>
    <testsuite name="hashing-algorithm;testing-that-the-&quot;alice&quot;-id,-&quot;2&quot;-salt-and-&quot;f1&quot;-feature-returns-the-&quot;71&quot;-result" tests="4" failures="0" skipped="0">
        <properties>
            <property name="URI" value="testbed/gherkin/bucketing.feature">
            </property>
        </properties>
        <testcase name="Given the salt is &quot;2&quot;, the feature is &quot;f1&quot; and the id is &quot;alice&quot;" classname="hashing-algorithm;testing-that-the-&quot;alice&quot;-id,-&quot;2&quot;-salt-and-&quot;f1&quot;-feature-returns-the-&quot;71&quot;-result">
        </testcase>
        <testcase name="When the variant value is calculated" classname="hashing-algorithm;testing-that-the-&quot;alice&quot;-id,-&quot;2&quot;-salt-and-&quot;f1&quot;-feature-returns-the-&quot;71&quot;-result">
        </testcase>
        <testcase name="Then the hash value calculated should equal &quot;e31eff9e88214f2&quot;" classname="hashing-algorithm;testing-that-the-&quot;alice&quot;-id,-&quot;2&quot;-salt-and-&quot;f1&quot;-feature-returns-the-&quot;71&quot;-result">
        </testcase>
        <testcase name="And the result from the variant calculation should be 71" classname="hashing-algorithm;testing-that-the-&quot;alice&quot;-id,-&quot;2&quot;-salt-and-&quot;f1&quot;-feature-returns-the-&quot;71&quot;-result" time="0.001">
        </testcase>
    </testsuite>
    <testsuite name="hashing-algorithm;testing-that-the-&quot;bob&quot;-id,-&quot;2&quot;-salt-and-&quot;f1&quot;-feature-returns-the-&quot;58&quot;-result" tests="4" failures="0" skipped="0">
        <properties>
            <property name="URI" value="testbed/gherkin/bucketing.feature">
            </property>
        </properties>
        <testcase name="Given the salt is &quot;2&quot;, the feature is &quot;f1&quot; and the id is &quot;bob&quot;" classname="hashing-algorithm;testing-that-the-&quot;bob&quot;-id,-&quot;2&quot;-salt-and-&quot;f1&quot;-feature-returns-the-&quot;58&quot;-result">
        </testcase>
        <testcase name="When the variant value is calculated" classname="hashing-algorithm;testing-that-the-&quot;bob&quot;-id,-&quot;2&quot;-salt-and-&quot;f1&quot;-feature-returns-the-&quot;58&quot;-result">
        </testcase>
        <testcase name="Then the hash value calculated should equal &quot;591e96e46fc1dad&quot;" classname="hashing-algorithm;testing-that-the-&quot;bob&quot;-id,-&quot;2&quot;-salt-and-&quot;f1&quot;-feature-returns-the-&quot;58&quot;-result">
        </testcase>
        <testcase name="And the result from the variant calculation should be 58" classname="hashing-algorithm;testing-that-the-&quot;bob&quot;-id,-&quot;2&quot;-salt-and-&quot;f1&quot;-feature-returns-the-&quot;58&quot;-result">
        </testcase>
    </testsuite>
    <testsuite name="hashing-algorithm;testing-that-the-&quot;alice&quot;-id,-&quot;3&quot;-salt-and-&quot;f1&quot;-feature-returns-the-&quot;36&quot;-result" tests="4" failures="0" skipped="0">
        <properties>
            <property name="URI" value="testbed/gherkin/bucketing.feature">
            </property>
        </properties>
        <testcase name="Given the salt is &quot;3&quot;, the feature is &quot;f1&quot; and the id is &quot;alice&quot;" classname="hashing-algorithm;testing-that-the-&quot;alice&quot;-id,-&quot;3&quot;-salt-and-&quot;f1&quot;-feature-returns-the-&quot;36&quot;-result">
        </testcase>
        <testcase name="When the variant value is calculated" classname="hashing-algorithm;testing-that-the-&quot;alice&quot;-id,-&quot;3&quot;-salt-and-&quot;f1&quot;-feature-returns-the-&quot;36&quot;-result">
        </testcase>
        <testcase name="Then the hash value calculated should equal &quot;05ad8a286f0b0bb&quot;" classname="hashing-algorithm;testing-that-the-&quot;alice&quot;-id,-&quot;3&quot;-salt-and-&quot;f1&quot;-feature-returns-the-&quot;36&quot;-result">
        </testcase>
        <testcase name="And the result from the variant calculation should be 36" classname="hashing-algorithm;testing-that-the-&quot;alice&quot;-id,-&quot;3&quot;-salt-and-&quot;f1&quot;-feature-returns-the-&quot;36&quot;-result">
        </testcase>
    </testsuite>
    <testsuite name="hashing-algorithm;testing-that-the-&quot;bob&quot;-id,-&quot;3&quot;-salt-and-&quot;f1&quot;-feature-returns-the-&quot;2&quot;-result" tests="4" failures="0" skipped="0">
        <properties>
            <property name="URI" value="testbed/gherkin/bucketing.feature">
            </property>
        </properties>
        <testcase name="Given the salt is &quot;3&quot;, the feature is &quot;f1&quot; and the id is &quot;bob&quot;" classname="hashing-algorithm;testing-that-the-&quot;bob&quot;-id,-&quot;3&quot;-salt-and-&quot;f1&quot;-feature-returns-the-&quot;2&quot;-result">
        </testcase>
        <testcase name="When the variant value is calculated" classname="hashing-algorithm;testing-that-the-&quot;bob&quot;-id,-&quot;3&quot;-salt-and-&quot;f1&quot;-feature-returns-the-&quot;2&quot;-result">
        </testcase>
        <testcase name="Then the hash value calculated should equal &quot;9bc2af62801255d&quot;" classname="hashing-algorithm;testing-that-the-&quot;bob&quot;-id,-&quot;3&quot;-salt-and-&quot;f1&quot;-feature-returns-the-&quot;2&quot;-result">
        </testcase>
        <testcase name="And the result from the variant calculation should be 2" classname="hashing-algorithm;testing-that-the-&quot;bob&quot;-id,-&quot;3&quot;-salt-and-&quot;f1&quot;-feature-returns-the-&quot;2&quot;-result">
        </testcase>
    </testsuite>
    <testsuite name="conditions;test-the-&quot;equals&quot;-operator-returns-a-&quot;true&quot;-result-for-a-string-(target:-&quot;my-test-value&quot;,-value:-&quot;&lt;value&gt;&quot;,-operator:-&quot;equals&quot;,-result:-&quot;true&quot;)" tests="4" failures="0" skipped="0">
        <properties>
            <property name="URI" value="testbed/gherkin/conditions.feature">
            </property>
        </properties>
        <testcase name="Given the target is a &quot;string&quot; with the value of &quot;my-test-value&quot;" classname="conditions;test-the-&quot;equals&quot;-operator-returns-a-&quot;true&quot;-result-for-a-string-(target:-&quot;my-test-value&quot;,-value:-&quot;&lt;value&gt;&quot;,-operator:-&quot;equals&quot;,-result:-&quot;true&quot;)">
        </testcase>
        <testcase name="And the attribute is a &quot;string&quot; with the value of &quot;my-test-value&quot;" classname="conditions;test-the-&quot;equals&quot;-operator-returns-a-&quot;true&quot;-result-for-a-string-(target:-&quot;my-test-value&quot;,-value:-&quot;&lt;value&gt;&quot;,-operator:-&quot;equals&quot;,-result:-&quot;true&quot;)">
        </testcase>
        <testcase name="When the operator test &quot;equals&quot; is run" classname="conditions;test-the-&quot;equals&quot;-operator-returns-a-&quot;true&quot;-result-for-a-string-(target:-&quot;my-test-value&quot;,-value:-&quot;&lt;value&gt;&quot;,-operator:-&quot;equals&quot;,-result:-&quot;true&quot;)">
        </testcase>
        <testcase name="Then the output should equal &quot;true&quot;" classname="conditions;test-the-&quot;equals&quot;-operator-returns-a-&quot;true&quot;-result-for-a-string-(target:-&quot;my-test-value&quot;,-value:-&quot;&lt;value&gt;&quot;,-operator:-&quot;equals&quot;,-result:-&quot;true&quot;)">
        </testcase>
    </testsuite>
    <testsuite name="conditions;test-the-&quot;equals&quot;-operator-returns-a-&quot;false&quot;-result-for-a-string-(target:-&quot;my-test-value&quot;,-value:-&quot;&lt;value&gt;&quot;,-operator:-&quot;equals&quot;,-result:-&quot;false&quot;)" tests="4" failures="0" skipped="0">
        <properties>
            <property name="URI" value="testbed/gherkin/conditions.feature">
            </property>
        </properties>
        <testcase name="Given the target is a &quot;string&quot; with the value of &quot;my-test-value&quot;" classname="conditions;test-the-&quot;equals&quot;-operator-returns-a-&quot;false&quot;-result-for-a-string-(target:-&quot;my-test-value&quot;,-value:-&quot;&lt;value&gt;&quot;,-operator:-&quot;equals&quot;,-result:-&quot;false&quot;)">
        </testcase>
        <testcase name="And the attribute is a &quot;string&quot; with the value of &quot;not-my-test-value&quot;" classname="conditions;test-the-&quot;equals&quot;-operator-returns-a-&quot;false&quot;-result-for-a-string-(target:-&quot;my-test-value&quot;,-value:-&quot;&lt;value&gt;&quot;,-operator:-&quot;equals&quot;,-result:-&quot;false&quot;)">
        </testcase>
        <testcase name="When the operator test &quot;equals&quot; is run" classname="conditions;test-the-&quot;equals&quot;-operator-returns-a-&quot;false&quot;-result-for-a-string-(target:-&quot;my-test-value&quot;,-value:-&quot;&lt;value&gt;&quot;,-operator:-&quot;equals&quot;,-result:-&quot;false&quot;)">
        </testcase>
        <testcase name="Then the output should equal &quot;false&quot;" classname="conditions;test-the-&quot;equals&quot;-operator-returns-a-&quot;false&quot;-result-for-a-string-(target:-&quot;my-test-value&quot;,-value:-&quot;&lt;value&gt;&quot;,-operator:-&quot;equals&quot;,-result:-&quot;false&quot;)">
        </testcase>
    </testsuite>
    <testsuite name="conditions;test-the-&quot;equals&quot;-operator-returns-a-&quot;true&quot;-result-for-a-string-(target:-&quot;98&quot;,-value:-&quot;&lt;value&gt;&quot;,-operator:-&quot;equals&quot;,-result:-&quot;true&quot;)" tests="4" failures="0" skipped="0">
        <properties>
            <property name="URI" value="testbed/gherkin/conditions.feature">
            </property>
        </properties>
        <testcase name="Given the target is a &quot;string&quot; with the value of &quot;98&quot;" classname="conditions;test-the-&quot;equals&quot;-operator-returns-a-&quot;true&quot;-result-for-a-string-(target:-&quot;98&quot;,-value:-&quot;&lt;value&gt;&quot;,-operator:-&quot;equals&quot;,-result:-&quot;true&quot;)">
        </testcase>
        <testcase name="And the attribute is a &quot;string&quot; with the value of &quot;98&quot;" classname="conditions;test-the-&quot;equals&quot;-operator-returns-a-&quot;true&quot;-result-for-a-string-(target:-&quot;98&quot;,-value:-&quot;&lt;value&gt;&quot;,-operator:-&quot;equals&quot;,-result:-&quot;true&quot;)">
        </testcase>
        <testcase name="When the operator test &quot;equals&quot; is run" classname="conditions;test-the-&quot;equals&quot;-operator-returns-a-&quot;true&quot;-result-for-a-string-(target:-&quot;98&quot;,-value:-&quot;&lt;value&gt;&quot;,-operator:-&quot;equals&quot;,-result:-&quot;true&quot;)">
        </testcase>
        <testcase name="Then the output should equal &quot;true&quot;" classname="conditions;test-the-&quot;equals&quot;-operator-returns-a-&quot;true&quot;-result-for-a-string-(target:-&quot;98&quot;,-value:-&quot;&lt;value&gt;&quot;,-operator:-&quot;equals&quot;,-result:-&quot;true&quot;)">
        </testcase>
    </testsuite>
    <testsuite name="conditions;test-the-&quot;equals&quot;-operator-returns-a-&quot;false&quot;-result-for-a-string-(target:-&quot;98&quot;,-value:-&quot;&lt;value&gt;&quot;,-operator:-&quot;equals&quot;,-result:-&quot;false&quot;)" tests="4" failures="0" skipped="0">
        <properties>
            <property name="URI" value="testbed/gherkin/conditions.feature">
            </property>
        </properties>
        <testcase name="Given the target is a &quot;string&quot; with the value of &quot;98&quot;" classname="conditions;test-the-&quot;equals&quot;-operator-returns-a-&quot;false&quot;-result-for-a-string-(target:-&quot;98&quot;,-value:-&quot;&lt;value&gt;&quot;,-operator:-&quot;equals&quot;,-result:-&quot;false&quot;)">
        </testcase>
        <testcase name="And the attribute is a &quot;string&quot; with the value of &quot;10&quot;" classname="conditions;test-the-&quot;equals&quot;-operator-returns-a-&quot;false&quot;-result-for-a-string-(target:-&quot;98&quot;,-value:-&quot;&lt;value&gt;&quot;,-operator:-&quot;equals&quot;,-result:-&quot;false&quot;)">
        </testcase>
        <testcase name="When the operator test &quot;equals&quot; is run" classname="conditions;test-the-&quot;equals&quot;-operator-returns-a-&quot;false&quot;-result-for-a-string-(target:-&quot;98&quot;,-value:-&quot;&lt;value&gt;&quot;,-operator:-&quot;equals&quot;,-result:-&quot;false&quot;)">
        </testcase>
        <testcase name="Then the output should equal &quot;false&quot;" classname="conditions;test-the-&quot;equals&quot;-operator-returns-a-&quot;false&quot;-result-for-a-string-(target:-&quot;98&quot;,-value:-&quot;&lt;value&gt;&quot;,-operator:-&quot;equals&quot;,-result:-&quot;false&quot;)">
        </testcase>
    </testsuite>
    <testsuite name="conditions;test-the-&quot;contains&quot;-operator-returns-a-&quot;true&quot;-result-for-a-string-(target:-&quot;my-test-value&quot;,-value:-&quot;&lt;value&gt;&quot;,-operator:-&quot;contains&quot;,-result:-&quot;true&quot;)" tests="4" failures="0" skipped="0">
        <properties>
            <property name="URI" value="testbed/gherkin/conditions.feature">
            </property>
        </properties>
        <testcase name="Given the target is a &quot;string&quot; with the value of &quot;my-test-value&quot;" classname="conditions;test-the-&quot;contains&quot;-operator-returns-a-&quot;true&quot;-result-for-a-string-(target:-&quot;my-test-value&quot;,-value:-&quot;&lt;value&gt;&quot;,-operator:-&quot;contains&quot;,-result:-&quot;true&quot;)">
        </testcase>
        <testcase name="And the attribute is a &quot;string&quot; with the value of &quot;-test-v&quot;" classname="conditions;test-the-&quot;contains&quot;-operator-returns-a-&quot;true&quot;-result-for-a-string-(target:-&quot;my-test-value&quot;,-value:-&quot;&lt;value&gt;&quot;,-operator:-&quot;contains&quot;,-result:-&quot;true&quot;)">
        </testcase>
        <testcase name="When the operator test &quot;contains&quot; is run" classname="conditions;test-the-&quot;contains&quot;-operator-returns-a-&quot;true&quot;-result-for-a-string-(target:-&quot;my-test-value&quot;,-value:-&quot;&lt;value&gt;&quot;,-operator:-&quot;contains&quot;,-result:-&quot;true&quot;)">
        </testcase>
        <testcase name="Then the output should equal &quot;true&quot;" classname="conditions;test-the-&quot;contains&quot;-operator-returns-a-&quot;true&quot;-result-for-a-string-(target:-&quot;my-test-value&quot;,-value:-&quot;&lt;value&gt;&quot;,-operator:-&quot;contains&quot;,-result:-&quot;true&quot;)">
        </testcase>
    </testsuite>
    <testsuite name="conditions;test-the-&quot;contains&quot;-operator-returns-a-&quot;false&quot;-result-for-a-string-(target:-&quot;my-test-value&quot;,-value:-&quot;&lt;value&gt;&quot;,-operator:-&quot;contains&quot;,-result:-&quot;false&quot;)" tests="4" failures="0" skipped="0">
        <properties>
            <property name="URI" value="testbed/gherkin/conditions.feature">
            </property>
        </properties>
        <testcase name="Given the target is a &quot;string&quot; with the value of &quot;my-test-value&quot;" classname="conditions;test-the-&quot;contains&quot;-operator-returns-a-&quot;false&quot;-result-for-a-string-(target:-&quot;my-test-value&quot;,-value:-&quot;&lt;value&gt;&quot;,-operator:-&quot;contains&quot;,-result:-&quot;false&quot;)">
        </testcase>
        <testcase name="And the attribute is a &quot;string&quot; with the value of &quot;nope&quot;" classname="conditions;test-the-&quot;contains&quot;-operator-returns-a-&quot;false&quot;-result-for-a-string-(target:-&quot;my-test-value&quot;,-value:-&quot;&lt;value&gt;&quot;,-operator:-&quot;contains&quot;,-result:-&quot;false&quot;)">
        </testcase>
        <testcase name="When the operator test &quot;contains&quot; is run" classname="conditions;test-the-&quot;contains&quot;-operator-returns-a-&quot;false&quot;-result-for-a-string-(target:-&quot;my-test-value&quot;,-value:-&quot;&lt;value&gt;&quot;,-operator:-&quot;contains&quot;,-result:-&quot;false&quot;)">
        </testcase>
        <testcase name="Then the output should equal &quot;false&quot;" classname="conditions;test-the-&quot;contains&quot;-operator-returns-a-&quot;false&quot;-result-for-a-string-(target:-&quot;my-test-value&quot;,-value:-&quot;&lt;value&gt;&quot;,-operator:-&quot;contains&quot;,-result:-&quot;false&quot;)">
        </testcase>
    </testsuite>
    <testsuite name="conditions;test-the-&quot;contains&quot;-operator-returns-a-&quot;true&quot;-result-for-a-string-(target:-&quot;my-test-value&quot;,-value:-&quot;&lt;value&gt;&quot;,-operator:-&quot;contains&quot;,-result:-&quot;true&quot;)" tests="4" failures="0" skipped="0">
        <properties>
            <property name="URI" value="testbed/gherkin/conditions.feature">
            </property>
        </properties>
        <testcase name="Given the target is a &quot;string&quot; with the value of &quot;my-test-value&quot;" classname="conditions;test-the-&quot;contains&quot;-operator-returns-a-&quot;true&quot;-result-for-a-string-(target:-&quot;my-test-value&quot;,-value:-&quot;&lt;value&gt;&quot;,-operator:-&quot;contains&quot;,-result:-&quot;true&quot;)">
        </testcase>
        <testcase name="And the attribute is a &quot;string&quot; with the value of &quot;my-test-value&quot;" classname="conditions;test-the-&quot;contains&quot;-operator-returns-a-&quot;true&quot;-result-for-a-string-(target:-&quot;my-test-value&quot;,-value:-&quot;&lt;value&gt;&quot;,-operator:-&quot;contains&quot;,-result:-&quot;true&quot;)">
        </testcase>
        <testcase name="When the operator test &quot;contains&quot; is run" classname="conditions;test-the-&quot;contains&quot;-operator-returns-a-&quot;true&quot;-result-for-a-string-(target:-&quot;my-test-value&quot;,-value:-&quot;&lt;value&gt;&quot;,-operator:-&quot;contains&quot;,-result:-&quot;true&quot;)">
        </testcase>
        <testcase name="Then the output should equal &quot;true&quot;" classname="conditions;test-the-&quot;contains&quot;-operator-returns-a-&quot;true&quot;-result-for-a-string-(target:-&quot;my-test-value&quot;,-value:-&quot;&lt;value&gt;&quot;,-operator:-&quot;contains&quot;,-result:-&quot;true&quot;)">
        </testcase>
    </testsuite>
    <testsuite name="conditions;test-the-&quot;contains&quot;-operator-returns-a-&quot;false&quot;-result-for-a-string-(target:-&quot;my-test-value&quot;,-value:-&quot;&lt;value&gt;&quot;,-operator:-&quot;contains&quot;,-result:-&quot;false&quot;)" tests="4" failures="0" skipped="0">
        <properties>
            <property name="URI" value="testbed/gherkin/conditions.feature">
            </property>
        </properties>
        <testcase name="Given the target is a &quot;string&quot; with the value of &quot;my-test-value&quot;" classname="conditions;test-the-&quot;contains&quot;-operator-returns-a-&quot;false&quot;-result-for-a-string-(target:-&quot;my-test-value&quot;,-value:-&quot;&lt;value&gt;&quot;,-operator:-&quot;contains&quot;,-result:-&quot;false&quot;)">
        </testcase>
        <testcase name="And the attribute is a &quot;string&quot; with the value of &quot;my-test-value-two&quot;" classname="conditions;test-the-&quot;contains&quot;-operator-returns-a-&quot;false&quot;-result-for-a-string-(target:-&quot;my-test-value&quot;,-value:-&quot;&lt;value&gt;&quot;,-operator:-&quot;contains&quot;,-result:-&quot;false&quot;)">
        </testcase>
        <testcase name="When the operator test &quot;contains&quot; is run" classname="conditions;test-the-&quot;contains&quot;-operator-returns-a-&quot;false&quot;-result-for-a-string-(target:-&quot;my-test-value&quot;,-value:-&quot;&lt;value&gt;&quot;,-operator:-&quot;contains&quot;,-result:-&quot;false&quot;)">
        </testcase>
        <testcase name="Then the output should equal &quot;false&quot;" classname="conditions;test-the-&quot;contains&quot;-operator-returns-a-&quot;false&quot;-result-for-a-string-(target:-&quot;my-test-value&quot;,-value:-&quot;&lt;value&gt;&quot;,-operator:-&quot;contains&quot;,-result:-&quot;false&quot;)">
        </testcase>
    </testsuite>
    <testsuite name="conditions;test-the-&quot;startswith&quot;-operator-returns-a-&quot;true&quot;-result-for-a-string-(target:-&quot;my-test-value&quot;,-value:-&quot;&lt;value&gt;&quot;,-operator:-&quot;startswith&quot;,-result:-&quot;true&quot;)" tests="4" failures="0" skipped="0">
        <properties>
            <property name="URI" value="testbed/gherkin/conditions.feature">
            </property>
        </properties>
        <testcase name="Given the target is a &quot;string&quot; with the value of &quot;my-test-value&quot;" classname="conditions;test-the-&quot;startswith&quot;-operator-returns-a-&quot;true&quot;-result-for-a-string-(target:-&quot;my-test-value&quot;,-value:-&quot;&lt;value&gt;&quot;,-operator:-&quot;startswith&quot;,-result:-&quot;true&quot;)">
        </testcase>
        <testcase name="And the attribute is a &quot;string&quot; with the value of &quot;my-test&quot;" classname="conditions;test-the-&quot;startswith&quot;-operator-returns-a-&quot;true&quot;-result-for-a-string-(target:-&quot;my-test-value&quot;,-value:-&quot;&lt;value&gt;&quot;,-operator:-&quot;startswith&quot;,-result:-&quot;true&quot;)">
        </testcase>
        <testcase name="When the operator test &quot;startsWith&quot; is run" classname="conditions;test-the-&quot;startswith&quot;-operator-returns-a-&quot;true&quot;-result-for-a-string-(target:-&quot;my-test-value&quot;,-value:-&quot;&lt;value&gt;&quot;,-operator:-&quot;startswith&quot;,-result:-&quot;true&quot;)">
        </testcase>
        <testcase name="Then the output should equal &quot;true&quot;" classname="conditions;test-the-&quot;startswith&quot;-operator-returns-a-&quot;true&quot;-result-for-a-string-(target:-&quot;my-test-value&quot;,-value:-&quot;&lt;value&gt;&quot;,-operator:-&quot;startswith&quot;,-result:-&quot;true&quot;)">
        </testcase>
    </testsuite>
    <testsuite name="conditions;test-the-&quot;startswith&quot;-operator-returns-a-&quot;false&quot;-result-for-a-string-(target:-&quot;my-test-value&quot;,-value:-&quot;&lt;value&gt;&quot;,-operator:-&quot;startswith&quot;,-result:-&quot;false&quot;)" tests="4" failures="0" skipped="0">
        <properties>
            <property name="URI" value="testbed/gherkin/conditions.feature">
            </property>
        </properties>
        <testcase name="Given the target is a &quot;string&quot; with the value of &quot;my-test-value&quot;" classname="conditions;test-the-&quot;startswith&quot;-operator-returns-a-&quot;false&quot;-result-for-a-string-(target:-&quot;my-test-value&quot;,-value:-&quot;&lt;value&gt;&quot;,-operator:-&quot;startswith&quot;,-result:-&quot;false&quot;)">
        </testcase>
        <testcase name="And the attribute is a &quot;string&quot; with the value of &quot;-test-v&quot;" classname="conditions;test-the-&quot;startswith&quot;-operator-returns-a-&quot;false&quot;-result-for-a-string-(target:-&quot;my-test-value&quot;,-value:-&quot;&lt;value&gt;&quot;,-operator:-&quot;startswith&quot;,-result:-&quot;false&quot;)">
        </testcase>
        <testcase name="When the operator test &quot;startsWith&quot; is run" classname="conditions;test-the-&quot;startswith&quot;-operator-returns-a-&quot;false&quot;-result-for-a-string-(target:-&quot;my-test-value&quot;,-value:-&quot;&lt;value&gt;&quot;,-operator:-&quot;startswith&quot;,-result:-&quot;false&quot;)">
        </testcase>
        <testcase name="Then the output should equal &quot;false&quot;" classname="conditions;test-the-&quot;startswith&quot;-operator-returns-a-&quot;false&quot;-result-for-a-string-(target:-&quot;my-test-value&quot;,-value:-&quot;&lt;value&gt;&quot;,-operator:-&quot;startswith&quot;,-result:-&quot;false&quot;)">
        </testcase>
    </testsuite>
    <testsuite name="conditions;test-the-&quot;startswith&quot;-operator-returns-a-&quot;true&quot;-result-for-a-string-(target:-&quot;my-test-value&quot;,-value:-&quot;&lt;value&gt;&quot;,-operator:-&quot;startswith&quot;,-result:-&quot;true&quot;)" tests="4" failures="0" skipped="0">
        <properties>
            <property name="URI" value="testbed/gherkin/conditions.feature">
            </property>
        </properties>
        <testcase name="Given the target is a &quot;string&quot; with the value of &quot;my-test-value&quot;" classname="conditions;test-the-&quot;startswith&quot;-operator-returns-a-&quot;true&quot;-result-for-a-string-(target:-&quot;my-test-value&quot;,-value:-&quot;&lt;value&gt;&quot;,-operator:-&quot;startswith&quot;,-result:-&quot;true&quot;)">
        </testcase>
        <testcase name="And the attribute is a &quot;string&quot; with the value of &quot;my-test-value&quot;" classname="conditions;test-the-&quot;startswith&quot;-operator-returns-a-&quot;true&quot;-result-for-a-string-(target:-&quot;my-test-value&quot;,-value:-&quot;&lt;value&gt;&quot;,-operator:-&quot;startswith&quot;,-result:-&quot;true&quot;)">
        </testcase>
        <testcase name="When the operator test &quot;startsWith&quot; is run" classname="conditions;test-the-&quot;startswith&quot;-operator-returns-a-&quot;true&quot;-result-for-a-string-(target:-&quot;my-test-value&quot;,-value:-&quot;&lt;value&gt;&quot;,-operator:-&quot;startswith&quot;,-result:-&quot;true&quot;)">
        </testcase>
        <testcase name="Then the output should equal &quot;true&quot;" classname="conditions;test-the-&quot;startswith&quot;-operator-returns-a-&quot;true&quot;-result-for-a-string-(target:-&quot;my-test-value&quot;,-value:-&quot;&lt;value&gt;&quot;,-operator:-&quot;startswith&quot;,-result:-&quot;true&quot;)">
        </testcase>
    </testsuite>
    <testsuite name="conditions;test-the-&quot;startswith&quot;-operator-returns-a-&quot;false&quot;-result-for-a-string-(target:-&quot;my-test-value&quot;,-value:-&quot;&lt;value&gt;&quot;,-operator:-&quot;startswith&quot;,-result:-&quot;false&quot;)" tests="4" failures="0" skipped="0">
        <properties>
            <property name="URI" value="testbed/gherkin/conditions.feature">
            </property>
        </properties>
        <testcase name="Given the target is a &quot;string&quot; with the value of &quot;my-test-value&quot;" classname="conditions;test-the-&quot;startswith&quot;-operator-returns-a-&quot;false&quot;-result-for-a-string-(target:-&quot;my-test-value&quot;,-value:-&quot;&lt;value&gt;&quot;,-operator:-&quot;startswith&quot;,-result:-&quot;false&quot;)">
        </testcase>
        <testcase name="And the attribute is a &quot;string&quot; with the value of &quot;my-test-value-two&quot;" classname="conditions;test-the-&quot;startswith&quot;-operator-returns-a-&quot;false&quot;-result-for-a-string-(target:-&quot;my-test-value&quot;,-value:-&quot;&lt;value&gt;&quot;,-operator:-&quot;startswith&quot;,-result:-&quot;false&quot;)">
        </testcase>
        <testcase name="When the operator test &quot;startsWith&quot; is run" classname="conditions;test-the-&quot;startswith&quot;-operator-returns-a-&quot;false&quot;-result-for-a-string-(target:-&quot;my-test-value&quot;,-value:-&quot;&lt;value&gt;&quot;,-operator:-&quot;startswith&quot;,-result:-&quot;false&quot;)">
        </testcase>
        <testcase name="Then the output should equal &quot;false&quot;" classname="conditions;test-the-&quot;startswith&quot;-operator-returns-a-&quot;false&quot;-result-for-a-string-(target:-&quot;my-test-value&quot;,-value:-&quot;&lt;value&gt;&quot;,-operator:-&quot;startswith&quot;,-result:-&quot;false&quot;)">
        </testcase>
    </testsuite>
    <testsuite name="conditions;test-the-&quot;endswith&quot;-operator-returns-a-&quot;true&quot;-result-for-a-string-(target:-&quot;my-test-value&quot;,-value:-&quot;&lt;value&gt;&quot;,-operator:-&quot;endswith&quot;,-result:-&quot;true&quot;)" tests="4" failures="0" skipped="0">
        <properties>
            <property name="URI" value="testbed/gherkin/conditions.feature">
            </property>
        </properties>
        <testcase name="Given the target is a &quot;string&quot; with the value of &quot;my-test-value&quot;" classname="conditions;test-the-&quot;endswith&quot;-operator-returns-a-&quot;true&quot;-result-for-a-string-(target:-&quot;my-test-value&quot;,-value:-&quot;&lt;value&gt;&quot;,-operator:-&quot;endswith&quot;,-result:-&quot;true&quot;)">
        </testcase>
        <testcase name="And the attribute is a &quot;string&quot; with the value of &quot;test-value&quot;" classname="conditions;test-the-&quot;endswith&quot;-operator-returns-a-&quot;true&quot;-result-for-a-string-(target:-&quot;my-test-value&quot;,-value:-&quot;&lt;value&gt;&quot;,-operator:-&quot;endswith&quot;,-result:-&quot;true&quot;)">
        </testcase>
        <testcase name="When the operator test &quot;endsWith&quot; is run" classname="conditions;test-the-&quot;endswith&quot;-operator-returns-a-&quot;true&quot;-result-for-a-string-(target:-&quot;my-test-value&quot;,-value:-&quot;&lt;value&gt;&quot;,-operator:-&quot;endswith&quot;,-result:-&quot;true&quot;)">
        </testcase>
        <testcase name="Then the output should equal &quot;true&quot;" classname="conditions;test-the-&quot;endswith&quot;-operator-returns-a-&quot;true&quot;-result-for-a-string-(target:-&quot;my-test-value&quot;,-value:-&quot;&lt;value&gt;&quot;,-operator:-&quot;endswith&quot;,-result:-&quot;true&quot;)">
        </testcase>
    </testsuite>
    <testsuite name="conditions;test-the-&quot;endswith&quot;-operator-returns-a-&quot;false&quot;-result-for-a-string-(target:-&quot;my-test-value&quot;,-value:-&quot;&lt;value&gt;&quot;,-operator:-&quot;endswith&quot;,-result:-&quot;false&quot;)" tests="4" failures="0" skipped="0">
        <properties>
            <property name="URI" value="testbed/gherkin/conditions.feature">
            </property>
        </properties>
        <testcase name="Given the target is a &quot;string&quot; with the value of &quot;my-test-value&quot;" classname="conditions;test-the-&quot;endswith&quot;-operator-returns-a-&quot;false&quot;-result-for-a-string-(target:-&quot;my-test-value&quot;,-value:-&quot;&lt;value&gt;&quot;,-operator:-&quot;endswith&quot;,-result:-&quot;false&quot;)">
        </testcase>
        <testcase name="And the attribute is a &quot;string&quot; with the value of &quot;-test-v&quot;" classname="conditions;test-the-&quot;endswith&quot;-operator-returns-a-&quot;false&quot;-result-for-a-string-(target:-&quot;my-test-value&quot;,-value:-&quot;&lt;value&gt;&quot;,-operator:-&quot;endswith&quot;,-result:-&quot;false&quot;)">
        </testcase>
        <testcase name="When the operator test &quot;endsWith&quot; is run" classname="conditions;test-the-&quot;endswith&quot;-operator-returns-a-&quot;false&quot;-result-for-a-string-(target:-&quot;my-test-value&quot;,-value:-&quot;&lt;value&gt;&quot;,-operator:-&quot;endswith&quot;,-result:-&quot;false&quot;)">
        </testcase>
        <testcase name="Then the output should equal &quot;false&quot;" classname="conditions;test-the-&quot;endswith&quot;-operator-returns-a-&quot;false&quot;-result-for-a-string-(target:-&quot;my-test-value&quot;,-value:-&quot;&lt;value&gt;&quot;,-operator:-&quot;endswith&quot;,-result:-&quot;false&quot;)">
        </testcase>
    </testsuite>
    <testsuite name="conditions;test-the-&quot;endswith&quot;-operator-returns-a-&quot;true&quot;-result-for-a-string-(target:-&quot;my-test-value&quot;,-value:-&quot;&lt;value&gt;&quot;,-operator:-&quot;endswith&quot;,-result:-&quot;true&quot;)" tests="4" failures="0" skipped="0">
        <properties>
            <property name="URI" value="testbed/gherkin/conditions.feature">
            </property>
        </properties>
        <testcase name="Given the target is a &quot;string&quot; with the value of &quot;my-test-value&quot;" classname="conditions;test-the-&quot;endswith&quot;-operator-returns-a-&quot;true&quot;-result-for-a-string-(target:-&quot;my-test-value&quot;,-value:-&quot;&lt;value&gt;&quot;,-operator:-&quot;endswith&quot;,-result:-&quot;true&quot;)">
        </testcase>
        <testcase name="And the attribute is a &quot;string&quot; with the value of &quot;my-test-value&quot;" classname="conditions;test-the-&quot;endswith&quot;-operator-returns-a-&quot;true&quot;-result-for-a-string-(target:-&quot;my-test-value&quot;,-value:-&quot;&lt;value&gt;&quot;,-operator:-&quot;endswith&quot;,-result:-&quot;true&quot;)">
        </testcase>
        <testcase name="When the operator test &quot;endsWith&quot; is run" classname="conditions;test-the-&quot;endswith&quot;-operator-returns-a-&quot;true&quot;-result-for-a-string-(target:-&quot;my-test-value&quot;,-value:-&quot;&lt;value&gt;&quot;,-operator:-&quot;endswith&quot;,-result:-&quot;true&quot;)">
        </testcase>
        <testcase name="Then the output should equal &quot;true&quot;" classname="conditions;test-the-&quot;endswith&quot;-operator-returns-a-&quot;true&quot;-result-for-a-string-(target:-&quot;my-test-value&quot;,-value:-&quot;&lt;value&gt;&quot;,-operator:-&quot;endswith&quot;,-result:-&quot;true&quot;)">
        </testcase>
    </testsuite>
    <testsuite name="conditions;test-the-&quot;endswith&quot;-operator-returns-a-&quot;false&quot;-result-for-a-string-(target:-&quot;my-test-value&quot;,-value:-&quot;&lt;value&gt;&quot;,-operator:-&quot;endswith&quot;,-result:-&quot;false&quot;)" tests="4" failures="0" skipped="0">
        <properties>
            <property name="URI" value="testbed/gherkin/conditions.feature">
            </property>
        </properties>
        <testcase name="Given the target is a &quot;string&quot; with the value of &quot;my-test-value&quot;" classname="conditions;test-the-&quot;endswith&quot;-operator-returns-a-&quot;false&quot;-result-for-a-string-(target:-&quot;my-test-value&quot;,-value:-&quot;&lt;value&gt;&quot;,-operator:-&quot;endswith&quot;,-result:-&quot;false&quot;)">
        </testcase>
        <testcase name="And the attribute is a &quot;string&quot; with the value of &quot;long-my-test-value&quot;" classname="conditions;test-the-&quot;endswith&quot;-operator-returns-a-&quot;false&quot;-result-for-a-string-(target:-&quot;my-test-value&quot;,-value:-&quot;&lt;value&gt;&quot;,-operator:-&quot;endswith&quot;,-result:-&quot;false&quot;)">
        </testcase>
        <testcase name="When the operator test &quot;endsWith&quot; is run" classname="conditions;test-the-&quot;endswith&quot;-operator-returns-a-&quot;false&quot;-result-for-a-string-(target:-&quot;my-test-value&quot;,-value:-&quot;&lt;value&gt;&quot;,-operator:-&quot;endswith&quot;,-result:-&quot;false&quot;)">
        </testcase>
        <testcase name="Then the output should equal &quot;false&quot;" classname="conditions;test-the-&quot;endswith&quot;-operator-returns-a-&quot;false&quot;-result-for-a-string-(target:-&quot;my-test-value&quot;,-value:-&quot;&lt;value&gt;&quot;,-operator:-&quot;endswith&quot;,-result:-&quot;false&quot;)">
        </testcase>
    </testsuite>
    <testsuite name="conditions;test-the-&quot;matches&quot;-operator-returns-a-&quot;true&quot;-result-for-a-string-(target:-&quot;my-test-value&quot;,-value:-&quot;&lt;value&gt;&quot;,-operator:-&quot;matches&quot;,-result:-&quot;true&quot;)" tests="4" failures="0" skipped="0">
        <properties>
            <property name="URI" value="testbed/gherkin/conditions.feature">
            </property>
        </properties>
        <testcase name="Given the target is a &quot;string&quot; with the value of &quot;my-test-value&quot;" classname="conditions;test-the-&quot;matches&quot;-operator-returns-a-&quot;true&quot;-result-for-a-string-(target:-&quot;my-test-value&quot;,-value:-&quot;&lt;value&gt;&quot;,-operator:-&quot;matches&quot;,-result:-&quot;true&quot;)">
        </testcase>
        <testcase name="And the attribute is a &quot;string&quot; with the value of &quot;my.test.+&quot;" classname="conditions;test-the-&quot;matches&quot;-operator-returns-a-&quot;true&quot;-result-for-a-string-(target:-&quot;my-test-value&quot;,-value:-&quot;&lt;value&gt;&quot;,-operator:-&quot;matches&quot;,-result:-&quot;true&quot;)">
        </testcase>
        <testcase name="When the operator test &quot;matches&quot; is run" classname="conditions;test-the-&quot;matches&quot;-operator-returns-a-&quot;true&quot;-result-for-a-string-(target:-&quot;my-test-value&quot;,-value:-&quot;&lt;value&gt;&quot;,-operator:-&quot;matches&quot;,-result:-&quot;true&quot;)">
        </testcase>
        <testcase name="Then the output should equal &quot;true&quot;" classname="conditions;test-the-&quot;matches&quot;-operator-returns-a-&quot;true&quot;-result-for-a-string-(target:-&quot;my-test-value&quot;,-value:-&quot;&lt;value&gt;&quot;,-operator:-&quot;matches&quot;,-result:-&quot;true&quot;)">
        </testcase>
    </testsuite>
    <testsuite name="conditions;test-the-&quot;matches&quot;-operator-returns-a-&quot;false&quot;-result-for-a-string-(target:-&quot;my-test-value&quot;,-value:-&quot;&lt;value&gt;&quot;,-operator:-&quot;matches&quot;,-result:-&quot;false&quot;)" tests="4" failures="0" skipped="0">
        <properties>
            <property name="URI" value="testbed/gherkin/conditions.feature">
            </property>
        </properties>
        <testcase name="Given the target is a &quot;string&quot; with the value of &quot;my-test-value&quot;" classname="conditions;test-the-&quot;matches&quot;-operator-returns-a-&quot;false&quot;-result-for-a-string-(target:-&quot;my-test-value&quot;,-value:-&quot;&lt;value&gt;&quot;,-operator:-&quot;matches&quot;,-result:-&quot;false&quot;)">
        </testcase>
        <testcase name="And the attribute is a &quot;string&quot; with the value of &quot;wont-match&quot;" classname="conditions;test-the-&quot;matches&quot;-operator-returns-a-&quot;false&quot;-result-for-a-string-(target:-&quot;my-test-value&quot;,-value:-&quot;&lt;value&gt;&quot;,-operator:-&quot;matches&quot;,-result:-&quot;false&quot;)">
        </testcase>
        <testcase name="When the operator test &quot;matches&quot; is run" classname="conditions;test-the-&quot;matches&quot;-operator-returns-a-&quot;false&quot;-result-for-a-string-(target:-&quot;my-test-value&quot;,-value:-&quot;&lt;value&gt;&quot;,-operator:-&quot;matches&quot;,-result:-&quot;false&quot;)">
        </testcase>
        <testcase name="Then the output should equal &quot;false&quot;" classname="conditions;test-the-&quot;matches&quot;-operator-returns-a-&quot;false&quot;-result-for-a-string-(target:-&quot;my-test-value&quot;,-value:-&quot;&lt;value&gt;&quot;,-operator:-&quot;matches&quot;,-result:-&quot;false&quot;)">
        </testcase>
    </testsuite>
    <testsuite name="conditions;test-the-&quot;matches&quot;-operator-returns-a-&quot;true&quot;-result-for-a-string-(target:-&quot;my-test-value&quot;,-value:-&quot;&lt;value&gt;&quot;,-operator:-&quot;matches&quot;,-result:-&quot;true&quot;)" tests="4" failures="0" skipped="0">
        <properties>
            <property name="URI" value="testbed/gherkin/conditions.feature">
            </property>
        </properties>
        <testcase name="Given the target is a &quot;string&quot; with the value of &quot;my-test-value&quot;" classname="conditions;test-the-&quot;matches&quot;-operator-returns-a-&quot;true&quot;-result-for-a-string-(target:-&quot;my-test-value&quot;,-value:-&quot;&lt;value&gt;&quot;,-operator:-&quot;matches&quot;,-result:-&quot;true&quot;)">
        </testcase>
        <testcase name="And the attribute is a &quot;string&quot; with the value of &quot;^[A-z\-]+$&quot;" classname="conditions;test-the-&quot;matches&quot;-operator-returns-a-&quot;true&quot;-result-for-a-string-(target:-&quot;my-test-value&quot;,-value:-&quot;&lt;value&gt;&quot;,-operator:-&quot;matches&quot;,-result:-&quot;true&quot;)">
        </testcase>
        <testcase name="When the operator test &quot;matches&quot; is run" classname="conditions;test-the-&quot;matches&quot;-operator-returns-a-&quot;true&quot;-result-for-a-string-(target:-&quot;my-test-value&quot;,-value:-&quot;&lt;value&gt;&quot;,-operator:-&quot;matches&quot;,-result:-&quot;true&quot;)">
        </testcase>
        <testcase name="Then the output should equal &quot;true&quot;" classname="conditions;test-the-&quot;matches&quot;-operator-returns-a-&quot;true&quot;-result-for-a-string-(target:-&quot;my-test-value&quot;,-value:-&quot;&lt;value&gt;&quot;,-operator:-&quot;matches&quot;,-result:-&quot;true&quot;)">
        </testcase>
    </testsuite>
    <testsuite name="conditions;test-the-&quot;matches&quot;-operator-returns-a-&quot;false&quot;-result-for-a-string-(target:-&quot;my-test-value&quot;,-value:-&quot;&lt;value&gt;&quot;,-operator:-&quot;matches&quot;,-result:-&quot;false&quot;)" tests="4" failures="0" skipped="0">
        <properties>
            <property name="URI" value="testbed/gherkin/conditions.feature">
            </property>
        </properties>
        <testcase name="Given the target is a &quot;string&quot; with the value of &quot;my-test-value&quot;" classname="conditions;test-the-&quot;matches&quot;-operator-returns-a-&quot;false&quot;-result-for-a-string-(target:-&quot;my-test-value&quot;,-value:-&quot;&lt;value&gt;&quot;,-operator:-&quot;matches&quot;,-result:-&quot;false&quot;)">
        </testcase>
        <testcase name="And the attribute is a &quot;string&quot; with the value of &quot;^[A-z]+$&quot;" classname="conditions;test-the-&quot;matches&quot;-operator-returns-a-&quot;false&quot;-result-for-a-string-(target:-&quot;my-test-value&quot;,-value:-&quot;&lt;value&gt;&quot;,-operator:-&quot;matches&quot;,-result:-&quot;false&quot;)">
        </testcase>
        <testcase name="When the operator test &quot;matches&quot; is run" classname="conditions;test-the-&quot;matches&quot;-operator-returns-a-&quot;false&quot;-result-for-a-string-(target:-&quot;my-test-value&quot;,-value:-&quot;&lt;value&gt;&quot;,-operator:-&quot;matches&quot;,-result:-&quot;false&quot;)">
        </testcase>
        <testcase name="Then the output should equal &quot;false&quot;" classname="conditions;test-the-&quot;matches&quot;-operator-returns-a-&quot;false&quot;-result-for-a-string-(target:-&quot;my-test-value&quot;,-value:-&quot;&lt;value&gt;&quot;,-operator:-&quot;matches&quot;,-result:-&quot;false&quot;)">
        </testcase>
    </testsuite>
    <testsuite name="conditions;test-the-&quot;fakeoperator&quot;-operator-returns-a-&quot;false&quot;-result-for-a-string-(target:-&quot;my-test-value&quot;,-value:-&quot;&lt;value&gt;&quot;,-operator:-&quot;fakeoperator&quot;,-result:-&quot;false&quot;)" tests="4" failures="0" skipped="0">
        <properties>
            <property name="URI" value="testbed/gherkin/conditions.feature">
            </property>
        </properties>
        <testcase name="Given the target is a &quot;string&quot; with the value of &quot;my-test-value&quot;" classname="conditions;test-the-&quot;fakeoperator&quot;-operator-returns-a-&quot;false&quot;-result-for-a-string-(target:-&quot;my-test-value&quot;,-value:-&quot;&lt;value&gt;&quot;,-operator:-&quot;fakeoperator&quot;,-result:-&quot;false&quot;)">
        </testcase>
        <testcase name="And the attribute is a &quot;string&quot; with the value of &quot;doesn&apos;t matter&quot;" classname="conditions;test-the-&quot;fakeoperator&quot;-operator-returns-a-&quot;false&quot;-result-for-a-string-(target:-&quot;my-test-value&quot;,-value:-&quot;&lt;value&gt;&quot;,-operator:-&quot;fakeoperator&quot;,-result:-&quot;false&quot;)">
        </testcase>
        <testcase name="When the operator test &quot;fakeOperator&quot; is run" classname="conditions;test-the-&quot;fakeoperator&quot;-operator-returns-a-&quot;false&quot;-result-for-a-string-(target:-&quot;my-test-value&quot;,-value:-&quot;&lt;value&gt;&quot;,-operator:-&quot;fakeoperator&quot;,-result:-&quot;false&quot;)">
        </testcase>
        <testcase name="Then the output should equal &quot;false&quot;" classname="conditions;test-the-&quot;fakeoperator&quot;-operator-returns-a-&quot;false&quot;-result-for-a-string-(target:-&quot;my-test-value&quot;,-value:-&quot;&lt;value&gt;&quot;,-operator:-&quot;fakeoperator&quot;,-result:-&quot;false&quot;)">
        </testcase>
    </testsuite>
    <testsuite name="conditions;test-the-&quot;in&quot;-operator-returns-a-&quot;true&quot;-result-for-an-array-of-strings-(target:-&quot;two&quot;,-values:-&quot;&lt;values&gt;&quot;,-operator:-&quot;in&quot;,-result:-&quot;true&quot;)" tests="4" failures="0" skipped="0">
        <properties>
            <property name="URI" value="testbed/gherkin/conditions.feature">
            </property>
        </properties>
        <testcase name="Given the target is a &quot;string&quot; with the value of &quot;two&quot;" classname="conditions;test-the-&quot;in&quot;-operator-returns-a-&quot;true&quot;-result-for-an-array-of-strings-(target:-&quot;two&quot;,-values:-&quot;&lt;values&gt;&quot;,-operator:-&quot;in&quot;,-result:-&quot;true&quot;)">
        </testcase>
        <testcase name="And the attribute is an array of values &quot;one, two, three&quot;" classname="conditions;test-the-&quot;in&quot;-operator-returns-a-&quot;true&quot;-result-for-an-array-of-strings-(target:-&quot;two&quot;,-values:-&quot;&lt;values&gt;&quot;,-operator:-&quot;in&quot;,-result:-&quot;true&quot;)">
        </testcase>
        <testcase name="When the operator test &quot;in&quot; is run" classname="conditions;test-the-&quot;in&quot;-operator-returns-a-&quot;true&quot;-result-for-an-array-of-strings-(target:-&quot;two&quot;,-values:-&quot;&lt;values&gt;&quot;,-operator:-&quot;in&quot;,-result:-&quot;true&quot;)">
        </testcase>
        <testcase name="Then the output should equal &quot;true&quot;" classname="conditions;test-the-&quot;in&quot;-operator-returns-a-&quot;true&quot;-result-for-an-array-of-strings-(target:-&quot;two&quot;,-values:-&quot;&lt;values&gt;&quot;,-operator:-&quot;in&quot;,-result:-&quot;true&quot;)">
        </testcase>
    </testsuite>
    <testsuite name="conditions;test-the-&quot;in&quot;-operator-returns-a-&quot;false&quot;-result-for-an-array-of-strings-(target:-&quot;four&quot;,-values:-&quot;&lt;values&gt;&quot;,-operator:-&quot;in&quot;,-result:-&quot;false&quot;)" tests="4" failures="0" skipped="0">
        <properties>
            <property name="URI" value="testbed/gherkin/conditions.feature">
            </property>
        </properties>
        <testcase name="Given the target is a &quot;string&quot; with the value of &quot;four&quot;" classname="conditions;test-the-&quot;in&quot;-operator-returns-a-&quot;false&quot;-result-for-an-array-of-strings-(target:-&quot;four&quot;,-values:-&quot;&lt;values&gt;&quot;,-operator:-&quot;in&quot;,-result:-&quot;false&quot;)">
        </testcase>
        <testcase name="And the attribute is an array of values &quot;one, two, three&quot;" classname="conditions;test-the-&quot;in&quot;-operator-returns-a-&quot;false&quot;-result-for-an-array-of-strings-(target:-&quot;four&quot;,-values:-&quot;&lt;values&gt;&quot;,-operator:-&quot;in&quot;,-result:-&quot;false&quot;)">
        </testcase>
        <testcase name="When the operator test &quot;in&quot; is run" classname="conditions;test-the-&quot;in&quot;-operator-returns-a-&quot;false&quot;-result-for-an-array-of-strings-(target:-&quot;four&quot;,-values:-&quot;&lt;values&gt;&quot;,-operator:-&quot;in&quot;,-result:-&quot;false&quot;)">
        </testcase>
        <testcase name="Then the output should equal &quot;false&quot;" classname="conditions;test-the-&quot;in&quot;-operator-returns-a-&quot;false&quot;-result-for-an-array-of-strings-(target:-&quot;four&quot;,-values:-&quot;&lt;values&gt;&quot;,-operator:-&quot;in&quot;,-result:-&quot;false&quot;)">
        </testcase>
    </testsuite>
    <testsuite name="conditions;test-the-&quot;notin&quot;-operator-returns-a-&quot;true&quot;-result-for-an-array-of-strings-(target:-&quot;four&quot;,-values:-&quot;&lt;values&gt;&quot;,-operator:-&quot;notin&quot;,-result:-&quot;true&quot;)" tests="4" failures="0" skipped="0">
        <properties>
            <property name="URI" value="testbed/gherkin/conditions.feature">
            </property>
        </properties>
        <testcase name="Given the target is a &quot;string&quot; with the value of &quot;four&quot;" classname="conditions;test-the-&quot;notin&quot;-operator-returns-a-&quot;true&quot;-result-for-an-array-of-strings-(target:-&quot;four&quot;,-values:-&quot;&lt;values&gt;&quot;,-operator:-&quot;notin&quot;,-result:-&quot;true&quot;)">
        </testcase>
        <testcase name="And the attribute is an array of values &quot;one, two, three&quot;" classname="conditions;test-the-&quot;notin&quot;-operator-returns-a-&quot;true&quot;-result-for-an-array-of-strings-(target:-&quot;four&quot;,-values:-&quot;&lt;values&gt;&quot;,-operator:-&quot;notin&quot;,-result:-&quot;true&quot;)">
        </testcase>
        <testcase name="When the operator test &quot;notIn&quot; is run" classname="conditions;test-the-&quot;notin&quot;-operator-returns-a-&quot;true&quot;-result-for-an-array-of-strings-(target:-&quot;four&quot;,-values:-&quot;&lt;values&gt;&quot;,-operator:-&quot;notin&quot;,-result:-&quot;true&quot;)">
        </testcase>
        <testcase name="Then the output should equal &quot;true&quot;" classname="conditions;test-the-&quot;notin&quot;-operator-returns-a-&quot;true&quot;-result-for-an-array-of-strings-(target:-&quot;four&quot;,-values:-&quot;&lt;values&gt;&quot;,-operator:-&quot;notin&quot;,-result:-&quot;true&quot;)">
        </testcase>
    </testsuite>
    <testsuite name="conditions;test-the-&quot;notin&quot;-operator-returns-a-&quot;false&quot;-result-for-an-array-of-strings-(target:-&quot;two&quot;,-values:-&quot;&lt;values&gt;&quot;,-operator:-&quot;notin&quot;,-result:-&quot;false&quot;)" tests="4" failures="0" skipped="0">
        <properties>
            <property name="URI" value="testbed/gherkin/conditions.feature">
            </property>
        </properties>
        <testcase name="Given the target is a &quot;string&quot; with the value of &quot;two&quot;" classname="conditions;test-the-&quot;notin&quot;-operator-returns-a-&quot;false&quot;-result-for-an-array-of-strings-(target:-&quot;two&quot;,-values:-&quot;&lt;values&gt;&quot;,-operator:-&quot;notin&quot;,-result:-&quot;false&quot;)">
        </testcase>
        <testcase name="And the attribute is an array of values &quot;one, two, three&quot;" classname="conditions;test-the-&quot;notin&quot;-operator-returns-a-&quot;false&quot;-result-for-an-array-of-strings-(target:-&quot;two&quot;,-values:-&quot;&lt;values&gt;&quot;,-operator:-&quot;notin&quot;,-result:-&quot;false&quot;)">
        </testcase>
        <testcase name="When the operator test &quot;notIn&quot; is run" classname="conditions;test-the-&quot;notin&quot;-operator-returns-a-&quot;false&quot;-result-for-an-array-of-strings-(target:-&quot;two&quot;,-values:-&quot;&lt;values&gt;&quot;,-operator:-&quot;notin&quot;,-result:-&quot;false&quot;)">
        </testcase>
        <testcase name="Then the output should equal &quot;false&quot;" classname="conditions;test-the-&quot;notin&quot;-operator-returns-a-&quot;false&quot;-result-for-an-array-of-strings-(target:-&quot;two&quot;,-values:-&quot;&lt;values&gt;&quot;,-operator:-&quot;notin&quot;,-result:-&quot;false&quot;)">
        </testcase>
    </testsuite>
    <testsuite name="conditions;test-the-&quot;equals&quot;-operator-returns-a-&quot;true&quot;-result-for-a-number--(target:-&quot;9000&quot;,-value:-&quot;&lt;value&gt;&quot;,-operator:-&quot;equals&quot;,-result:-&quot;true&quot;)" tests="4" failures="0" skipped="0">
        <properties>
            <property name="URI" value="testbed/gherkin/conditions.feature">
            </property>
        </properties>
        <testcase name="Given the target is a &quot;number&quot; with the value of &quot;9000&quot;" classname="conditions;test-the-&quot;equals&quot;-operator-returns-a-&quot;true&quot;-result-for-a-number--(target:-&quot;9000&quot;,-value:-&quot;&lt;value&gt;&quot;,-operator:-&quot;equals&quot;,-result:-&quot;true&quot;)">
        </testcase>
        <testcase name="And the attribute is a &quot;number&quot; with the value of &quot;9000&quot;" classname="conditions;test-the-&quot;equals&quot;-operator-returns-a-&quot;true&quot;-result-for-a-number--(target:-&quot;9000&quot;,-value:-&quot;&lt;value&gt;&quot;,-operator:-&quot;equals&quot;,-result:-&quot;true&quot;)">
        </testcase>
        <testcase name="When the operator test &quot;equals&quot; is run" classname="conditions;test-the-&quot;equals&quot;-operator-returns-a-&quot;true&quot;-result-for-a-number--(target:-&quot;9000&quot;,-value:-&quot;&lt;value&gt;&quot;,-operator:-&quot;equals&quot;,-result:-&quot;true&quot;)">
        </testcase>
        <testcase name="Then the output should equal &quot;true&quot;" classname="conditions;test-the-&quot;equals&quot;-operator-returns-a-&quot;true&quot;-result-for-a-number--(target:-&quot;9000&quot;,-value:-&quot;&lt;value&gt;&quot;,-operator:-&quot;equals&quot;,-result:-&quot;true&quot;)">
        </testcase>
    </testsuite>
    <testsuite name="conditions;test-the-&quot;equals&quot;-operator-returns-a-&quot;false&quot;-result-for-a-number--(target:-&quot;9000&quot;,-value:-&quot;&lt;value&gt;&quot;,-operator:-&quot;equals&quot;,-result:-&quot;false&quot;)" tests="4" failures="0" skipped="0">
        <properties>
            <property name="URI" value="testbed/gherkin/conditions.feature">
            </property>
        </properties>
        <testcase name="Given the target is a &quot;number&quot; with the value of &quot;9000&quot;" classname="conditions;test-the-&quot;equals&quot;-operator-returns-a-&quot;false&quot;-result-for-a-number--(target:-&quot;9000&quot;,-value:-&quot;&lt;value&gt;&quot;,-operator:-&quot;equals&quot;,-result:-&quot;false&quot;)">
        </testcase>
        <testcase name="And the attribute is a &quot;number&quot; with the value of &quot;8999&quot;" classname="conditions;test-the-&quot;equals&quot;-operator-returns-a-&quot;false&quot;-result-for-a-number--(target:-&quot;9000&quot;,-value:-&quot;&lt;value&gt;&quot;,-operator:-&quot;equals&quot;,-result:-&quot;false&quot;)">
        </testcase>
        <testcase name="When the operator test &quot;equals&quot; is run" classname="conditions;test-the-&quot;equals&quot;-operator-returns-a-&quot;false&quot;-result-for-a-number--(target:-&quot;9000&quot;,-value:-&quot;&lt;value&gt;&quot;,-operator:-&quot;equals&quot;,-result:-&quot;false&quot;)">
        </testcase>
        <testcase name="Then the output should equal &quot;false&quot;" classname="conditions;test-the-&quot;equals&quot;-operator-returns-a-&quot;false&quot;-result-for-a-number--(target:-&quot;9000&quot;,-value:-&quot;&lt;value&gt;&quot;,-operator:-&quot;equals&quot;,-result:-&quot;false&quot;)">
        </testcase>
    </testsuite>
    <testsuite name="conditions;test-the-&quot;equals&quot;-operator-returns-a-&quot;true&quot;-result-for-a-number--(target:-&quot;9000.1&quot;,-value:-&quot;&lt;value&gt;&quot;,-operator:-&quot;equals&quot;,-result:-&quot;true&quot;)" tests="4" failures="0" skipped="0">
        <properties>
            <property name="URI" value="testbed/gherkin/conditions.feature">
            </property>
        </properties>
        <testcase name="Given the target is a &quot;number&quot; with the value of &quot;9000.1&quot;" classname="conditions;test-the-&quot;equals&quot;-operator-returns-a-&quot;true&quot;-result-for-a-number--(target:-&quot;9000.1&quot;,-value:-&quot;&lt;value&gt;&quot;,-operator:-&quot;equals&quot;,-result:-&quot;true&quot;)">
        </testcase>
        <testcase name="And the attribute is a &quot;number&quot; with the value of &quot;9000.1&quot;" classname="conditions;test-the-&quot;equals&quot;-operator-returns-a-&quot;true&quot;-result-for-a-number--(target:-&quot;9000.1&quot;,-value:-&quot;&lt;value&gt;&quot;,-operator:-&quot;equals&quot;,-result:-&quot;true&quot;)">
        </testcase>
        <testcase name="When the operator test &quot;equals&quot; is run" classname="conditions;test-the-&quot;equals&quot;-operator-returns-a-&quot;true&quot;-result-for-a-number--(target:-&quot;9000.1&quot;,-value:-&quot;&lt;value&gt;&quot;,-operator:-&quot;equals&quot;,-result:-&quot;true&quot;)">
        </testcase>
        <testcase name="Then the output should equal &quot;true&quot;" classname="conditions;test-the-&quot;equals&quot;-operator-returns-a-&quot;true&quot;-result-for-a-number--(target:-&quot;9000.1&quot;,-value:-&quot;&lt;value&gt;&quot;,-operator:-&quot;equals&quot;,-result:-&quot;true&quot;)">
        </testcase>
    </testsuite>
    <testsuite name="conditions;test-the-&quot;equals&quot;-operator-returns-a-&quot;false&quot;-result-for-a-number--(target:-&quot;9000.2&quot;,-value:-&quot;&lt;value&gt;&quot;,-operator:-&quot;equals&quot;,-result:-&quot;false&quot;)" tests="4" failures="0" skipped="0">
        <properties>
            <property name="URI" value="testbed/gherkin/conditions.feature">
            </property>
        </properties>
        <testcase name="Given the target is a &quot;number&quot; with the value of &quot;9000.2&quot;" classname="conditions;test-the-&quot;equals&quot;-operator-returns-a-&quot;false&quot;-result-for-a-number--(target:-&quot;9000.2&quot;,-value:-&quot;&lt;value&gt;&quot;,-operator:-&quot;equals&quot;,-result:-&quot;false&quot;)">
        </testcase>
        <testcase name="And the attribute is a &quot;number&quot; with the value of &quot;9000.1&quot;" classname="conditions;test-the-&quot;equals&quot;-operator-returns-a-&quot;false&quot;-result-for-a-number--(target:-&quot;9000.2&quot;,-value:-&quot;&lt;value&gt;&quot;,-operator:-&quot;equals&quot;,-result:-&quot;false&quot;)">
        </testcase>
        <testcase name="When the operator test &quot;equals&quot; is run" classname="conditions;test-the-&quot;equals&quot;-operator-returns-a-&quot;false&quot;-result-for-a-number--(target:-&quot;9000.2&quot;,-value:-&quot;&lt;value&gt;&quot;,-operator:-&quot;equals&quot;,-result:-&quot;false&quot;)">
        </testcase>
        <testcase name="Then the output should equal &quot;false&quot;" classname="conditions;test-the-&quot;equals&quot;-operator-returns-a-&quot;false&quot;-result-for-a-number--(target:-&quot;9000.2&quot;,-value:-&quot;&lt;value&gt;&quot;,-operator:-&quot;equals&quot;,-result:-&quot;false&quot;)">
        </testcase>
    </testsuite>
    <testsuite name="conditions;test-the-&quot;greaterthan&quot;-operator-returns-a-&quot;true&quot;-result-for-a-number--(target:-&quot;9000&quot;,-value:-&quot;&lt;value&gt;&quot;,-operator:-&quot;greaterthan&quot;,-result:-&quot;true&quot;)" tests="4" failures="0" skipped="0">
        <properties>
            <property name="URI" value="testbed/gherkin/conditions.feature">
            </property>
        </properties>
        <testcase name="Given the target is a &quot;number&quot; with the value of &quot;9000&quot;" classname="conditions;test-the-&quot;greaterthan&quot;-operator-returns-a-&quot;true&quot;-result-for-a-number--(target:-&quot;9000&quot;,-value:-&quot;&lt;value&gt;&quot;,-operator:-&quot;greaterthan&quot;,-result:-&quot;true&quot;)">
        </testcase>
        <testcase name="And the attribute is a &quot;number&quot; with the value of &quot;8999&quot;" classname="conditions;test-the-&quot;greaterthan&quot;-operator-returns-a-&quot;true&quot;-result-for-a-number--(target:-&quot;9000&quot;,-value:-&quot;&lt;value&gt;&quot;,-operator:-&quot;greaterthan&quot;,-result:-&quot;true&quot;)">
        </testcase>
        <testcase name="When the operator test &quot;greaterThan&quot; is run" classname="conditions;test-the-&quot;greaterthan&quot;-operator-returns-a-&quot;true&quot;-result-for-a-number--(target:-&quot;9000&quot;,-value:-&quot;&lt;value&gt;&quot;,-operator:-&quot;greaterthan&quot;,-result:-&quot;true&quot;)">
        </testcase>
        <testcase name="Then the output should equal &quot;true&quot;" classname="conditions;test-the-&quot;greaterthan&quot;-operator-returns-a-&quot;true&quot;-result-for-a-number--(target:-&quot;9000&quot;,-value:-&quot;&lt;value&gt;&quot;,-operator:-&quot;greaterthan&quot;,-result:-&quot;true&quot;)">
        </testcase>
    </testsuite>
    <testsuite name="conditions;test-the-&quot;greaterthan&quot;-operator-returns-a-&quot;false&quot;-result-for-a-number--(target:-&quot;9000&quot;,-value:-&quot;&lt;value&gt;&quot;,-operator:-&quot;greaterthan&quot;,-result:-&quot;false&quot;)" tests="4" failures="0" skipped="0">
        <properties>
            <property name="URI" value="testbed/gherkin/conditions.feature">
            </property>
        </properties>
        <testcase name="Given the target is a &quot;number&quot; with the value of &quot;9000&quot;" classname="conditions;test-the-&quot;greaterthan&quot;-operator-returns-a-&quot;false&quot;-result-for-a-number--(target:-&quot;9000&quot;,-value:-&quot;&lt;value&gt;&quot;,-operator:-&quot;greaterthan&quot;,-result:-&quot;false&quot;)">
        </testcase>
        <testcase name="And the attribute is a &quot;number&quot; with the value of &quot;9001&quot;" classname="conditions;test-the-&quot;greaterthan&quot;-operator-returns-a-&quot;false&quot;-result-for-a-number--(target:-&quot;9000&quot;,-value:-&quot;&lt;value&gt;&quot;,-operator:-&quot;greaterthan&quot;,-result:-&quot;false&quot;)">
        </testcase>
        <testcase name="When the operator test &quot;greaterThan&quot; is run" classname="conditions;test-the-&quot;greaterthan&quot;-operator-returns-a-&quot;false&quot;-result-for-a-number--(target:-&quot;9000&quot;,-value:-&quot;&lt;value&gt;&quot;,-operator:-&quot;greaterthan&quot;,-result:-&quot;false&quot;)">
        </testcase>
        <testcase name="Then the output should equal &quot;false&quot;" classname="conditions;test-the-&quot;greaterthan&quot;-operator-returns-a-&quot;false&quot;-result-for-a-number--(target:-&quot;9000&quot;,-value:-&quot;&lt;value&gt;&quot;,-operator:-&quot;greaterthan&quot;,-result:-&quot;false&quot;)">
        </testcase>
    </testsuite>
    <testsuite name="conditions;test-the-&quot;greaterthan&quot;-operator-returns-a-&quot;false&quot;-result-for-a-number--(target:-&quot;9000&quot;,-value:-&quot;&lt;value&gt;&quot;,-operator:-&quot;greaterthan&quot;,-result:-&quot;false&quot;)" tests="4" failures="0" skipped="0">
        <properties>
            <property name="URI" value="testbed/gherkin/conditions.feature">
            </property>
        </properties>
        <testcase name="Given the target is a &quot;number&quot; with the value of &quot;9000&quot;" classname="conditions;test-the-&quot;greaterthan&quot;-operator-returns-a-&quot;false&quot;-result-for-a-number--(target:-&quot;9000&quot;,-value:-&quot;&lt;value&gt;&quot;,-operator:-&quot;greaterthan&quot;,-result:-&quot;false&quot;)">
        </testcase>
        <testcase name="And the attribute is a &quot;number&quot; with the value of &quot;9000&quot;" classname="conditions;test-the-&quot;greaterthan&quot;-operator-returns-a-&quot;false&quot;-result-for-a-number--(target:-&quot;9000&quot;,-value:-&quot;&lt;value&gt;&quot;,-operator:-&quot;greaterthan&quot;,-result:-&quot;false&quot;)">
        </testcase>
        <testcase name="When the operator test &quot;greaterThan&quot; is run" classname="conditions;test-the-&quot;greaterthan&quot;-operator-returns-a-&quot;false&quot;-result-for-a-number--(target:-&quot;9000&quot;,-value:-&quot;&lt;value&gt;&quot;,-operator:-&quot;greaterthan&quot;,-result:-&quot;false&quot;)">
        </testcase>
        <testcase name="Then the output should equal &quot;false&quot;" classname="conditions;test-the-&quot;greaterthan&quot;-operator-returns-a-&quot;false&quot;-result-for-a-number--(target:-&quot;9000&quot;,-value:-&quot;&lt;value&gt;&quot;,-operator:-&quot;greaterthan&quot;,-result:-&quot;false&quot;)">
        </testcase>
    </testsuite>
    <testsuite name="conditions;test-the-&quot;greaterthan&quot;-operator-returns-a-&quot;true&quot;-result-for-a-number--(target:-&quot;9000.2&quot;,-value:-&quot;&lt;value&gt;&quot;,-operator:-&quot;greaterthan&quot;,-result:-&quot;true&quot;)" tests="4" failures="0" skipped="0">
        <properties>
            <property name="URI" value="testbed/gherkin/conditions.feature">
            </property>
        </properties>
        <testcase name="Given the target is a &quot;number&quot; with the value of &quot;9000.2&quot;" classname="conditions;test-the-&quot;greaterthan&quot;-operator-returns-a-&quot;true&quot;-result-for-a-number--(target:-&quot;9000.2&quot;,-value:-&quot;&lt;value&gt;&quot;,-operator:-&quot;greaterthan&quot;,-result:-&quot;true&quot;)">
        </testcase>
        <testcase name="And the attribute is a &quot;number&quot; with the value of &quot;9000.1&quot;" classname="conditions;test-the-&quot;greaterthan&quot;-operator-returns-a-&quot;true&quot;-result-for-a-number--(target:-&quot;9000.2&quot;,-value:-&quot;&lt;value&gt;&quot;,-operator:-&quot;greaterthan&quot;,-result:-&quot;true&quot;)">
        </testcase>
        <testcase name="When the operator test &quot;greaterThan&quot; is run" classname="conditions;test-the-&quot;greaterthan&quot;-operator-returns-a-&quot;true&quot;-result-for-a-number--(target:-&quot;9000.2&quot;,-value:-&quot;&lt;value&gt;&quot;,-operator:-&quot;greaterthan&quot;,-result:-&quot;true&quot;)">
        </testcase>
        <testcase name="Then the output should equal &quot;true&quot;" classname="conditions;test-the-&quot;greaterthan&quot;-operator-returns-a-&quot;true&quot;-result-for-a-number--(target:-&quot;9000.2&quot;,-value:-&quot;&lt;value&gt;&quot;,-operator:-&quot;greaterthan&quot;,-result:-&quot;true&quot;)">
        </testcase>
    </testsuite>
    <testsuite name="conditions;test-the-&quot;greaterthan&quot;-operator-returns-a-&quot;false&quot;-result-for-a-number--(target:-&quot;9000.5&quot;,-value:-&quot;&lt;value&gt;&quot;,-operator:-&quot;greaterthan&quot;,-result:-&quot;false&quot;)" tests="4" failures="0" skipped="0">
        <properties>
            <property name="URI" value="testbed/gherkin/conditions.feature">
            </property>
        </properties>
        <testcase name="Given the target is a &quot;number&quot; with the value of &quot;9000.5&quot;" classname="conditions;test-the-&quot;greaterthan&quot;-operator-returns-a-&quot;false&quot;-result-for-a-number--(target:-&quot;9000.5&quot;,-value:-&quot;&lt;value&gt;&quot;,-operator:-&quot;greaterthan&quot;,-result:-&quot;false&quot;)">
        </testcase>
        <testcase name="And the attribute is a &quot;number&quot; with the value of &quot;9001&quot;" classname="conditions;test-the-&quot;greaterthan&quot;-operator-returns-a-&quot;false&quot;-result-for-a-number--(target:-&quot;9000.5&quot;,-value:-&quot;&lt;value&gt;&quot;,-operator:-&quot;greaterthan&quot;,-result:-&quot;false&quot;)">
        </testcase>
        <testcase name="When the operator test &quot;greaterThan&quot; is run" classname="conditions;test-the-&quot;greaterthan&quot;-operator-returns-a-&quot;false&quot;-result-for-a-number--(target:-&quot;9000.5&quot;,-value:-&quot;&lt;value&gt;&quot;,-operator:-&quot;greaterthan&quot;,-result:-&quot;false&quot;)">
        </testcase>
        <testcase name="Then the output should equal &quot;false&quot;" classname="conditions;test-the-&quot;greaterthan&quot;-operator-returns-a-&quot;false&quot;-result-for-a-number--(target:-&quot;9000.5&quot;,-value:-&quot;&lt;value&gt;&quot;,-operator:-&quot;greaterthan&quot;,-result:-&quot;false&quot;)">
        </testcase>
    </testsuite>
    <testsuite name="conditions;test-the-&quot;greaterthan&quot;-operator-returns-a-&quot;false&quot;-result-for-a-number--(target:-&quot;9000.5&quot;,-value:-&quot;&lt;value&gt;&quot;,-operator:-&quot;greaterthan&quot;,-result:-&quot;false&quot;)" tests="4" failures="0" skipped="0">
        <properties>
            <property name="URI" value="testbed/gherkin/conditions.feature">
            </property>
        </properties>
        <testcase name="Given the target is a &quot;number&quot; with the value of &quot;9000.5&quot;" classname="conditions;test-the-&quot;greaterthan&quot;-operator-returns-a-&quot;false&quot;-result-for-a-number--(target:-&quot;9000.5&quot;,-value:-&quot;&lt;value&gt;&quot;,-operator:-&quot;greaterthan&quot;,-result:-&quot;false&quot;)">
        </testcase>
        <testcase name="And the attribute is a &quot;number&quot; with the value of &quot;9000.5&quot;" classname="conditions;test-the-&quot;greaterthan&quot;-operator-returns-a-&quot;false&quot;-result-for-a-number--(target:-&quot;9000.5&quot;,-value:-&quot;&lt;value&gt;&quot;,-operator:-&quot;greaterthan&quot;,-result:-&quot;false&quot;)">
        </testcase>
        <testcase name="When the operator test &quot;greaterThan&quot; is run" classname="conditions;test-the-&quot;greaterthan&quot;-operator-returns-a-&quot;false&quot;-result-for-a-number--(target:-&quot;9000.5&quot;,-value:-&quot;&lt;value&gt;&quot;,-operator:-&quot;greaterthan&quot;,-result:-&quot;false&quot;)">
        </testcase>
        <testcase name="Then the output should equal &quot;false&quot;" classname="conditions;test-the-&quot;greaterthan&quot;-operator-returns-a-&quot;false&quot;-result-for-a-number--(target:-&quot;9000.5&quot;,-value:-&quot;&lt;value&gt;&quot;,-operator:-&quot;greaterthan&quot;,-result:-&quot;false&quot;)">
        </testcase>
    </testsuite>
    <testsuite name="conditions;test-the-&quot;greaterthanorequal&quot;-operator-returns-a-&quot;true&quot;-result-for-a-number--(target:-&quot;9000&quot;,-value:-&quot;&lt;value&gt;&quot;,-operator:-&quot;greaterthanorequal&quot;,-result:-&quot;true&quot;)" tests="4" failures="0" skipped="0">
        <properties>
            <property name="URI" value="testbed/gherkin/conditions.feature">
            </property>
        </properties>
        <testcase name="Given the target is a &quot;number&quot; with the value of &quot;9000&quot;" classname="conditions;test-the-&quot;greaterthanorequal&quot;-operator-returns-a-&quot;true&quot;-result-for-a-number--(target:-&quot;9000&quot;,-value:-&quot;&lt;value&gt;&quot;,-operator:-&quot;greaterthanorequal&quot;,-result:-&quot;true&quot;)">
        </testcase>
        <testcase name="And the attribute is a &quot;number&quot; with the value of &quot;8999&quot;" classname="conditions;test-the-&quot;greaterthanorequal&quot;-operator-returns-a-&quot;true&quot;-result-for-a-number--(target:-&quot;9000&quot;,-value:-&quot;&lt;value&gt;&quot;,-operator:-&quot;greaterthanorequal&quot;,-result:-&quot;true&quot;)">
        </testcase>
        <testcase name="When the operator test &quot;greaterThanOrEqual&quot; is run" classname="conditions;test-the-&quot;greaterthanorequal&quot;-operator-returns-a-&quot;true&quot;-result-for-a-number--(target:-&quot;9000&quot;,-value:-&quot;&lt;value&gt;&quot;,-operator:-&quot;greaterthanorequal&quot;,-result:-&quot;true&quot;)">
        </testcase>
        <testcase name="Then the output should equal &quot;true&quot;" classname="conditions;test-the-&quot;greaterthanorequal&quot;-operator-returns-a-&quot;true&quot;-result-for-a-number--(target:-&quot;9000&quot;,-value:-&quot;&lt;value&gt;&quot;,-operator:-&quot;greaterthanorequal&quot;,-result:-&quot;true&quot;)">
        </testcase>
    </testsuite>
    <testsuite name="conditions;test-the-&quot;greaterthanorequal&quot;-operator-returns-a-&quot;false&quot;-result-for-a-number--(target:-&quot;9000&quot;,-value:-&quot;&lt;value&gt;&quot;,-operator:-&quot;greaterthanorequal&quot;,-result:-&quot;false&quot;)" tests="4" failures="0" skipped="0">
        <properties>
            <property name="URI" value="testbed/gherkin/conditions.feature">
            </property>
        </properties>
        <testcase name="Given the target is a &quot;number&quot; with the value of &quot;9000&quot;" classname="conditions;test-the-&quot;greaterthanorequal&quot;-operator-returns-a-&quot;false&quot;-result-for-a-number--(target:-&quot;9000&quot;,-value:-&quot;&lt;value&gt;&quot;,-operator:-&quot;greaterthanorequal&quot;,-result:-&quot;false&quot;)">
        </testcase>
        <testcase name="And the attribute is a &quot;number&quot; with the value of &quot;9001&quot;" classname="conditions;test-the-&quot;greaterthanorequal&quot;-operator-returns-a-&quot;false&quot;-result-for-a-number--(target:-&quot;9000&quot;,-value:-&quot;&lt;value&gt;&quot;,-operator:-&quot;greaterthanorequal&quot;,-result:-&quot;false&quot;)">
        </testcase>
        <testcase name="When the operator test &quot;greaterThanOrEqual&quot; is run" classname="conditions;test-the-&quot;greaterthanorequal&quot;-operator-returns-a-&quot;false&quot;-result-for-a-number--(target:-&quot;9000&quot;,-value:-&quot;&lt;value&gt;&quot;,-operator:-&quot;greaterthanorequal&quot;,-result:-&quot;false&quot;)">
        </testcase>
        <testcase name="Then the output should equal &quot;false&quot;" classname="conditions;test-the-&quot;greaterthanorequal&quot;-operator-returns-a-&quot;false&quot;-result-for-a-number--(target:-&quot;9000&quot;,-value:-&quot;&lt;value&gt;&quot;,-operator:-&quot;greaterthanorequal&quot;,-result:-&quot;false&quot;)">
        </testcase>
    </testsuite>
    <testsuite name="conditions;test-the-&quot;greaterthanorequal&quot;-operator-returns-a-&quot;true&quot;-result-for-a-number--(target:-&quot;9000&quot;,-value:-&quot;&lt;value&gt;&quot;,-operator:-&quot;greaterthanorequal&quot;,-result:-&quot;true&quot;)" tests="4" failures="0" skipped="0">
        <properties>
            <property name="URI" value="testbed/gherkin/conditions.feature">
            </property>
        </properties>
        <testcase name="Given the target is a &quot;number&quot; with the value of &quot;9000&quot;" classname="conditions;test-the-&quot;greaterthanorequal&quot;-operator-returns-a-&quot;true&quot;-result-for-a-number--(target:-&quot;9000&quot;,-value:-&quot;&lt;value&gt;&quot;,-operator:-&quot;greaterthanorequal&quot;,-result:-&quot;true&quot;)">
        </testcase>
        <testcase name="And the attribute is a &quot;number&quot; with the value of &quot;9000&quot;" classname="conditions;test-the-&quot;greaterthanorequal&quot;-operator-returns-a-&quot;true&quot;-result-for-a-number--(target:-&quot;9000&quot;,-value:-&quot;&lt;value&gt;&quot;,-operator:-&quot;greaterthanorequal&quot;,-result:-&quot;true&quot;)">
        </testcase>
        <testcase name="When the operator test &quot;greaterThanOrEqual&quot; is run" classname="conditions;test-the-&quot;greaterthanorequal&quot;-operator-returns-a-&quot;true&quot;-result-for-a-number--(target:-&quot;9000&quot;,-value:-&quot;&lt;value&gt;&quot;,-operator:-&quot;greaterthanorequal&quot;,-result:-&quot;true&quot;)">
        </testcase>
        <testcase name="Then the output should equal &quot;true&quot;" classname="conditions;test-the-&quot;greaterthanorequal&quot;-operator-returns-a-&quot;true&quot;-result-for-a-number--(target:-&quot;9000&quot;,-value:-&quot;&lt;value&gt;&quot;,-operator:-&quot;greaterthanorequal&quot;,-result:-&quot;true&quot;)">
        </testcase>
    </testsuite>
    <testsuite name="conditions;test-the-&quot;greaterthanorequal&quot;-operator-returns-a-&quot;true&quot;-result-for-a-number--(target:-&quot;9000.2&quot;,-value:-&quot;&lt;value&gt;&quot;,-operator:-&quot;greaterthanorequal&quot;,-result:-&quot;true&quot;)" tests="4" failures="0" skipped="0">
        <properties>
            <property name="URI" value="testbed/gherkin/conditions.feature">
            </property>
        </properties>
        <testcase name="Given the target is a &quot;number&quot; with the value of &quot;9000.2&quot;" classname="conditions;test-the-&quot;greaterthanorequal&quot;-operator-returns-a-&quot;true&quot;-result-for-a-number--(target:-&quot;9000.2&quot;,-value:-&quot;&lt;value&gt;&quot;,-operator:-&quot;greaterthanorequal&quot;,-result:-&quot;true&quot;)">
        </testcase>
        <testcase name="And the attribute is a &quot;number&quot; with the value of &quot;9000.1&quot;" classname="conditions;test-the-&quot;greaterthanorequal&quot;-operator-returns-a-&quot;true&quot;-result-for-a-number--(target:-&quot;9000.2&quot;,-value:-&quot;&lt;value&gt;&quot;,-operator:-&quot;greaterthanorequal&quot;,-result:-&quot;true&quot;)">
        </testcase>
        <testcase name="When the operator test &quot;greaterThanOrEqual&quot; is run" classname="conditions;test-the-&quot;greaterthanorequal&quot;-operator-returns-a-&quot;true&quot;-result-for-a-number--(target:-&quot;9000.2&quot;,-value:-&quot;&lt;value&gt;&quot;,-operator:-&quot;greaterthanorequal&quot;,-result:-&quot;true&quot;)">
        </testcase>
        <testcase name="Then the output should equal &quot;true&quot;" classname="conditions;test-the-&quot;greaterthanorequal&quot;-operator-returns-a-&quot;true&quot;-result-for-a-number--(target:-&quot;9000.2&quot;,-value:-&quot;&lt;value&gt;&quot;,-operator:-&quot;greaterthanorequal&quot;,-result:-&quot;true&quot;)">
        </testcase>
    </testsuite>
[...]
        </testcase>
    </testsuite>
    <testsuite name="server-driven-sdk-config;invalid-config-values-are-ignored-field-by-field" tests="6" failures="0" skipped="0">
        <properties>
            <property name="URI" value="testbed/gherkin/sdk_config.feature">
            </property>
        </properties>
        <testcase name="Given an events client" classname="server-driven-sdk-config;invalid-config-values-are-ignored-field-by-field">
        </testcase>
        <testcase name="When the server config is applied" classname="server-driven-sdk-config;invalid-config-values-are-ignored-field-by-field">
        </testcase>
        <testcase name="Then the events client send interval should be 60 seconds" classname="server-driven-sdk-config;invalid-config-values-are-ignored-field-by-field" time="0.001">
        </testcase>
        <testcase name="And the events client should not be suspended" classname="server-driven-sdk-config;invalid-config-values-are-ignored-field-by-field">
        </testcase>
        <testcase name="When 1 evaluate events are queued" classname="server-driven-sdk-config;invalid-config-values-are-ignored-field-by-field">
        </testcase>
        <testcase name="Then the pending summary should contain 1 entries" classname="server-driven-sdk-config;invalid-config-values-are-ignored-field-by-field" time="0.001">
        </testcase>
    </testsuite>
    <testsuite name="server-driven-sdk-config;server-config-cannot-re-enable-a-locally-disabled-events-client" tests="4" failures="0" skipped="0">
        <properties>
            <property name="URI" value="testbed/gherkin/sdk_config.feature">
            </property>
        </properties>
        <testcase name="Given a disabled events client" classname="server-driven-sdk-config;server-config-cannot-re-enable-a-locally-disabled-events-client">
        </testcase>
        <testcase name="When the server config is applied" classname="server-driven-sdk-config;server-config-cannot-re-enable-a-locally-disabled-events-client">
        </testcase>
        <testcase name="And 1 evaluate events are queued" classname="server-driven-sdk-config;server-config-cannot-re-enable-a-locally-disabled-events-client">
        </testcase>
        <testcase name="Then the pending summary should contain 0 entries" classname="server-driven-sdk-config;server-config-cannot-re-enable-a-locally-disabled-events-client">
        </testcase>
    </testsuite>
    <testsuite name="server-driven-sdk-config;the-events-response-body-applies-server-config" tests="6" failures="0" skipped="0">
        <properties>
            <property name="URI" value="testbed/gherkin/sdk_config.feature">
            </property>
        </properties>
        <testcase name="Given a local events endpoint that responds with status 200 and config body" classname="server-driven-sdk-config;the-events-response-body-applies-server-config">
        </testcase>
        <testcase name="And an events client pointed at the local endpoint" classname="server-driven-sdk-config;the-events-response-body-applies-server-config">
        </testcase>
        <testcase name="When 1 evaluate events are queued" classname="server-driven-sdk-config;the-events-response-body-applies-server-config">
        </testcase>
        <testcase name="And the event queue is flushed" classname="server-driven-sdk-config;the-events-response-body-applies-server-config">
        </testcase>
        <testcase name="Then the events client should become suspended" classname="server-driven-sdk-config;the-events-response-body-applies-server-config" time="0.02">
        </testcase>
        <testcase name="And the events client send interval should be 120 seconds" classname="server-driven-sdk-config;the-events-response-body-applies-server-config">
        </testcase>
    </testsuite>
    <testsuite name="server-driven-sdk-config;the-features-response-config-header-applies-server-config" tests="4" failures="0" skipped="0">
        <properties>
            <property name="URI" value="testbed/gherkin/sdk_config.feature">
            </property>
        </properties>
        <testcase name="Given a local features endpoint with config header" classname="server-driven-sdk-config;the-features-response-config-header-applies-server-config" time="0.001">
        </testcase>
        <testcase name="And a Featureflow client pointed at the local features endpoint" classname="server-driven-sdk-config;the-features-response-config-header-applies-server-config" time="0.001">
        </testcase>
        <testcase name="Then the events client should become suspended" classname="server-driven-sdk-config;the-features-response-config-header-applies-server-config" time="0.02">
        </testcase>
        <testcase name="And the events client send interval should be 300 seconds" classname="server-driven-sdk-config;the-features-response-config-header-applies-server-config">
        </testcase>
    </testsuite>
    <testsuite name="server-driven-sdk-config;pollintervalseconds-retunes-the-features-polling-timer" tests="3" failures="0" skipped="0">
        <properties>
            <property name="URI" value="testbed/gherkin/sdk_config.feature">
            </property>
        </properties>
        <testcase name="Given a local features endpoint with config header" classname="server-driven-sdk-config;pollintervalseconds-retunes-the-features-polling-timer" time="0.001">
        </testcase>
        <testcase name="And a polling Featureflow client pointed at the local features endpoint" classname="server-driven-sdk-config;pollintervalseconds-retunes-the-features-polling-timer">
        </testcase>
        <testcase name="Then the polling interval should become 60 seconds" classname="server-driven-sdk-config;pollintervalseconds-retunes-the-features-polling-timer" time="0.021">
        </testcase>
    </testsuite>
    <testsuite name="server-driven-sdk-config;server-config-never-re-enables-locally-disabled-polling" tests="3" failures="0" skipped="0">
        <properties>
            <property name="URI" value="testbed/gherkin/sdk_config.feature">
            </property>
        </properties>
        <testcase name="Given a local features endpoint with config header" classname="server-driven-sdk-config;server-config-never-re-enables-locally-disabled-polling">
        </testcase>
        <testcase name="And a Featureflow client pointed at the local features endpoint" classname="server-driven-sdk-config;server-config-never-re-enables-locally-disabled-polling" time="0.001">
        </testcase>
        <testcase name="Then the polling interval should remain 0" classname="server-driven-sdk-config;server-config-never-re-enables-locally-disabled-polling">
        </testcase>
    </testsuite>
    <testsuite name="server-driven-sdk-config;the-client-emits-updated-when-a-poll-observes-changed-features" tests="4" failures="0" skipped="0">
        <properties>
            <property name="URI" value="testbed/gherkin/sdk_config.feature">
            </property>
        </properties>
        <testcase name="Given a local features endpoint whose features change on every request" classname="server-driven-sdk-config;the-client-emits-updated-when-a-poll-observes-changed-features">
        </testcase>
        <testcase name="And a polling Featureflow client pointed at the local features endpoint" classname="server-driven-sdk-config;the-client-emits-updated-when-a-poll-observes-changed-features">
        </testcase>
        <testcase name="When the features are refreshed" classname="server-driven-sdk-config;the-client-emits-updated-when-a-poll-observes-changed-features">
        </testcase>
        <testcase name="Then the client should have emitted 1 updated event" classname="server-driven-sdk-config;the-client-emits-updated-when-a-poll-observes-changed-features" time="0.021">
        </testcase>
    </testsuite>
    <testsuite name="per-flag-exposure-fidelity-(trackevents);a-tracked-flag-attaches-every-distinct-user-each-interval" tests="7" failures="0" skipped="0">
        <properties>
            <property name="URI" value="testbed/gherkin/tracked_exposures.feature">
            </property>
        </properties>
        <testcase name="Given an events client" classname="per-flag-exposure-fidelity-(trackevents);a-tracked-flag-attaches-every-distinct-user-each-interval">
        </testcase>
        <testcase name="When 1 evaluate events are queued for tracked feature &quot;exp1&quot; variant &quot;on&quot; user &quot;u1&quot;" classname="per-flag-exposure-fidelity-(trackevents);a-tracked-flag-attaches-every-distinct-user-each-interval">
        </testcase>
        <testcase name="And 1 evaluate events are queued for tracked feature &quot;exp1&quot; variant &quot;on&quot; user &quot;u2&quot;" classname="per-flag-exposure-fidelity-(trackevents);a-tracked-flag-attaches-every-distinct-user-each-interval">
        </testcase>
        <testcase name="And 1 evaluate events are queued for tracked feature &quot;exp1&quot; variant &quot;on&quot; user &quot;u1&quot;" classname="per-flag-exposure-fidelity-(trackevents);a-tracked-flag-attaches-every-distinct-user-each-interval">
        </testcase>
        <testcase name="Then the pending summary for feature &quot;exp1&quot; variant &quot;on&quot; should have 3 impressions" classname="per-flag-exposure-fidelity-(trackevents);a-tracked-flag-attaches-every-distinct-user-each-interval">
        </testcase>
        <testcase name="And the pending summary entry for feature &quot;exp1&quot; variant &quot;on&quot; should include user &quot;u1&quot;" classname="per-flag-exposure-fidelity-(trackevents);a-tracked-flag-attaches-every-distinct-user-each-interval">
        </testcase>
        <testcase name="And the pending summary entry for feature &quot;exp1&quot; variant &quot;on&quot; should include user &quot;u2&quot;" classname="per-flag-exposure-fidelity-(trackevents);a-tracked-flag-attaches-every-distinct-user-each-interval" time="0.001">
        </testcase>
    </testsuite>
    <testsuite name="per-flag-exposure-fidelity-(trackevents);a-tracked-flag-records-a-user-already-sent-for-another-flag-this-interval" tests="4" failures="0" skipped="0">
        <properties>
            <property name="URI" value="testbed/gherkin/tracked_exposures.feature">
            </property>
        </properties>
        <testcase name="Given an events client" classname="per-flag-exposure-fidelity-(trackevents);a-tracked-flag-records-a-user-already-sent-for-another-flag-this-interval">
        </testcase>
        <testcase name="When 1 evaluate events are queued for feature &quot;f1&quot; variant &quot;on&quot; user &quot;u1&quot;" classname="per-flag-exposure-fidelity-(trackevents);a-tracked-flag-records-a-user-already-sent-for-another-flag-this-interval">
        </testcase>
        <testcase name="And 1 evaluate events are queued for tracked feature &quot;exp1&quot; variant &quot;on&quot; user &quot;u1&quot;" classname="per-flag-exposure-fidelity-(trackevents);a-tracked-flag-records-a-user-already-sent-for-another-flag-this-interval">
        </testcase>
        <testcase name="Then the pending summary entry for feature &quot;exp1&quot; variant &quot;on&quot; should include user &quot;u1&quot;" classname="per-flag-exposure-fidelity-(trackevents);a-tracked-flag-records-a-user-already-sent-for-another-flag-this-interval">
        </testcase>
    </testsuite>
    <testsuite name="per-flag-exposure-fidelity-(trackevents);a-tracked-flag-still-dedupes-repeat-exposures-of-the-same-user-and-flag" tests="4" failures="0" skipped="0">
        <properties>
            <property name="URI" value="testbed/gherkin/tracked_exposures.feature">
            </property>
        </properties>
        <testcase name="Given an events client" classname="per-flag-exposure-fidelity-(trackevents);a-tracked-flag-still-dedupes-repeat-exposures-of-the-same-user-and-flag">
        </testcase>
        <testcase name="When 2 evaluate events are queued for tracked feature &quot;exp1&quot; variant &quot;on&quot; user &quot;u1&quot;" classname="per-flag-exposure-fidelity-(trackevents);a-tracked-flag-still-dedupes-repeat-exposures-of-the-same-user-and-flag">
        </testcase>
        <testcase name="Then the pending summary for feature &quot;exp1&quot; variant &quot;on&quot; should have 2 impressions" classname="per-flag-exposure-fidelity-(trackevents);a-tracked-flag-still-dedupes-repeat-exposures-of-the-same-user-and-flag">
        </testcase>
        <testcase name="And the pending summary entry for feature &quot;exp1&quot; variant &quot;on&quot; should include only user &quot;u1&quot;" classname="per-flag-exposure-fidelity-(trackevents);a-tracked-flag-still-dedupes-repeat-exposures-of-the-same-user-and-flag">
        </testcase>
    </testsuite>
    <testsuite name="per-flag-exposure-fidelity-(trackevents);evaluate-passes-a-feature&apos;s-trackevents-flag-through-to-the-recorded-event" tests="5" failures="0" skipped="0">
        <properties>
            <property name="URI" value="testbed/gherkin/tracked_exposures.feature">
            </property>
        </properties>
        <testcase name="Given a Featureflow client with the stored features" classname="per-flag-exposure-fidelity-(trackevents);evaluate-passes-a-feature&apos;s-trackevents-flag-through-to-the-recorded-event">
        </testcase>
        <testcase name="When evaluate &quot;exp1&quot; is called for user &quot;user-1&quot; and isOn is checked" classname="per-flag-exposure-fidelity-(trackevents);evaluate-passes-a-feature&apos;s-trackevents-flag-through-to-the-recorded-event">
        </testcase>
        <testcase name="And evaluate &quot;f1&quot; is called for user &quot;user-1&quot; and isOn is checked" classname="per-flag-exposure-fidelity-(trackevents);evaluate-passes-a-feature&apos;s-trackevents-flag-through-to-the-recorded-event">
        </testcase>
        <testcase name="Then the recorded evaluate event for &quot;exp1&quot; should have trackEvents true" classname="per-flag-exposure-fidelity-(trackevents);evaluate-passes-a-feature&apos;s-trackevents-flag-through-to-the-recorded-event">
        </testcase>
        <testcase name="And the recorded evaluate event for &quot;f1&quot; should have trackEvents false" classname="per-flag-exposure-fidelity-(trackevents);evaluate-passes-a-feature&apos;s-trackevents-flag-through-to-the-recorded-event">
        </testcase>
    </testsuite>
    <testsuite name="userbuilder;test-the-user-builder-can-build-a-valid-user-with-an-id" tests="5" failures="0" skipped="0">
        <properties>
            <property name="URI" value="testbed/gherkin/user_builder.feature">
            </property>
        </properties>
        <testcase name="Given there is access to the User Builder module" classname="userbuilder;test-the-user-builder-can-build-a-valid-user-with-an-id">
        </testcase>
        <testcase name="When the builder is initialised with the id &quot;user&quot;" classname="userbuilder;test-the-user-builder-can-build-a-valid-user-with-an-id">
        </testcase>
        <testcase name="And the user is built using the builder" classname="userbuilder;test-the-user-builder-can-build-a-valid-user-with-an-id">
        </testcase>
        <testcase name="Then the result user should have an id &quot;user&quot;" classname="userbuilder;test-the-user-builder-can-build-a-valid-user-with-an-id">
        </testcase>
        <testcase name="And the result user should have no attributes" classname="userbuilder;test-the-user-builder-can-build-a-valid-user-with-an-id">
        </testcase>
    </testsuite>
    <testsuite name="userbuilder;test-the-user-builder-can-build-a-valid-user-with-attributes" tests="7" failures="0" skipped="0">
        <properties>
            <property name="URI" value="testbed/gherkin/user_builder.feature">
            </property>
        </properties>
        <testcase name="Given there is access to the User Builder module" classname="userbuilder;test-the-user-builder-can-build-a-valid-user-with-attributes">
        </testcase>
        <testcase name="When the builder is initialised with the id &quot;user&quot;" classname="userbuilder;test-the-user-builder-can-build-a-valid-user-with-attributes">
        </testcase>
        <testcase name="And the builder is given the following attributes" classname="userbuilder;test-the-user-builder-can-build-a-valid-user-with-attributes" time="0.001">
        </testcase>
        <testcase name="And the user is built using the builder" classname="userbuilder;test-the-user-builder-can-build-a-valid-user-with-attributes">
        </testcase>
        <testcase name="Then the result user should have an id &quot;user&quot;" classname="userbuilder;test-the-user-builder-can-build-a-valid-user-with-attributes">
        </testcase>
        <testcase name="And the result user should have a attribute with key &quot;age&quot; and value &quot;21&quot;" classname="userbuilder;test-the-user-builder-can-build-a-valid-user-with-attributes">
        </testcase>
        <testcase name="And the result user should have a attribute with key &quot;type&quot; and value &quot;beta&quot;" classname="userbuilder;test-the-user-builder-can-build-a-valid-user-with-attributes">
        </testcase>
    </testsuite>
    <testsuite name="userbuilder;test-the-user-builder-injects-implicit-attributes-at-build-time" tests="6" failures="0" skipped="0">
        <properties>
            <property name="@builder-injects-implicit-attributes" value="true">
            </property>
            <property name="URI" value="testbed/gherkin/user_builder.feature">
            </property>
        </properties>
        <testcase name="Given there is access to the User Builder module" classname="userbuilder;test-the-user-builder-injects-implicit-attributes-at-build-time">
        </testcase>
        <testcase name="When the builder is initialised with the id &quot;user&quot;" classname="userbuilder;test-the-user-builder-injects-implicit-attributes-at-build-time">
        </testcase>
        <testcase name="And the builder is given the following attributes" classname="userbuilder;test-the-user-builder-injects-implicit-attributes-at-build-time">
        </testcase>
        <testcase name="And the user is built using the builder" classname="userbuilder;test-the-user-builder-injects-implicit-attributes-at-build-time">
        </testcase>
        <testcase name="Then the result user should have a attribute with key &quot;featureflow.user.id&quot; and value &quot;user&quot;" classname="userbuilder;test-the-user-builder-injects-implicit-attributes-at-build-time">
        </testcase>
        <testcase name="And the result user should have a attribute with key &quot;featureflow.date&quot; and current datetime in iso8601" classname="userbuilder;test-the-user-builder-injects-implicit-attributes-at-build-time" time="0.001">
        </testcase>
    </testsuite>
    <testsuite name="userbuilder;test-the-user-builder-throws-an-error-when-no-key-is-provided" tests="3" failures="0" skipped="0">
        <properties>
            <property name="@user-builder-validates-empty-id" value="true">
            </property>
            <property name="URI" value="testbed/gherkin/user_builder.feature">
            </property>
        </properties>
        <testcase name="Given there is access to the User Builder module" classname="userbuilder;test-the-user-builder-throws-an-error-when-no-key-is-provided">
        </testcase>
        <testcase name="When the builder is initialised with the id &quot;&quot;" classname="userbuilder;test-the-user-builder-throws-an-error-when-no-key-is-provided">
        </testcase>
        <testcase name="Then the builder should throw an error" classname="userbuilder;test-the-user-builder-throws-an-error-when-no-key-is-provided">
        </testcase>
    </testsuite>
</testsuites>